Log file open, 05/30/17 10:20:14
LogInit:Display: Running engine for game: King_of_the_Castle
LogPlatformFile: Not using cached read wrapper
LogInit:Display: RandInit(-528215408) SRandInit(-528215408).
LogTaskGraph: Started task graph with 5 named threads and 8 total threads with 1 sets of task threads.
LogStats: Stats thread started at 0.081610
LogInit: Using libcurl 7.47.1
LogInit:  - built for x86_64-pc-win32
LogInit:  - supports SSL with OpenSSL/1.0.2g
LogInit:  - supports HTTP deflate (compression) using libz 1.2.8
LogInit:  - other features:
LogInit:      CURL_VERSION_SSL
LogInit:      CURL_VERSION_LIBZ
LogInit:      CURL_VERSION_IPV6
LogInit:      CURL_VERSION_ASYNCHDNS
LogInit:      CURL_VERSION_LARGEFILE
LogInit:      CURL_VERSION_IDN
LogInit:  CurlRequestOptions (configurable via config and command line):
LogInit:  - bVerifyPeer = false  - Libcurl will NOT verify peer certificate
LogInit:  - bUseHttpProxy = false  - Libcurl will NOT use HTTP proxy
LogInit:  - bDontReuseConnections = false  - Libcurl will reuse connections
LogInit:  - CertBundlePath = nullptr  - Libcurl will use whatever was configured at build time.
LogHMD: Can't find Oculus library dev build: is proper Runtime installed? Version: 1.10.0
LogHMD: GearVR: Emulating GearVR using Oculus Rift!
LogInit: Build: ++UE4+Release-4.15-CL-3450819
LogInit: Engine Version: 4.15.3-3450819+++UE4+Release-4.15
LogInit: Compatible Engine Version: 4.15.0-3299760+++UE4+Release-4.15
LogInit: Net CL: 3299760
LogDevObjectVersion: Number of dev versions registered: 14
LogDevObjectVersion:   Dev-Blueprints (B0D832E4-1F89-4F0D-ACCF-7EB736FD4AA2): 8
LogDevObjectVersion:   Dev-Build (E1C64328-A22C-4D53-A36C-8E866417BD8C): 0
LogDevObjectVersion:   Dev-Core (375EC13C-06E4-48FB-B500-84F0262A717E): 2
LogDevObjectVersion:   Dev-Editor (E4B068ED-F494-42E9-A231-DA0B2E46BB41): 14
LogDevObjectVersion:   Dev-Framework (CFFC743F-43B0-4480-9391-14DF171D2073): 22
LogDevObjectVersion:   Dev-Mobile (B02B49B5-BB20-44E9-A304-32B752E40360): 0
LogDevObjectVersion:   Dev-Networking (A4E4105C-59A1-49B5-A7C5-40C4547EDFEE): 0
LogDevObjectVersion:   Dev-Online (39C831C9-5AE6-47DC-9A44-9C173E1C8E7C): 0
LogDevObjectVersion:   Dev-Physics (78F01B33-EBEA-4F98-B9B4-84EACCB95AA2): 0
LogDevObjectVersion:   Dev-Platform (6631380F-2D4D-43E0-8009-CF276956A95A): 0
LogDevObjectVersion:   Dev-Rendering (12F88B9F-8875-4AFC-A67C-D90C383ABD29): 12
LogDevObjectVersion:   Dev-Sequencer (7B5AE74C-D270-4C10-A958-57980B212A5A): 3
LogDevObjectVersion:   Dev-VR (D7296918-1DD6-4BDD-9DE2-64A83CC13884): 0
LogDevObjectVersion:   Dev-LoadTimes (C2A15278-BFE7-4AFE-6C17-90FF531DF755): 1
LogInit: Compiled (64-bit): May 21 2017 11:02:34
LogInit: Compiled with Visual C++: 19.00.23026.00
LogInit: Build Configuration: Development
LogInit: Branch Name: ++UE4+Release-4.15
LogInit: Command line: -EpicPortal 
LogInit: Base directory: C:/Program Files/Epic Games/UE_4.15/Engine/Binaries/Win64/
LogInit: Installed Engine Build: 1
LogInit: Presizing for max 8388607 objects, including 0 objects not considered by GC, pre-allocating 0 bytes for permanent pool.
LogInit: Object subsystem initialized
[2017.05.30-09.20.16:228][  0]LogInit: Selected Device Profile: [Windows]
[2017.05.30-09.20.16:228][  0]LogInit: Applying CVar settings loaded from the selected device profile: [Windows]
[2017.05.30-09.20.16:258][  0]LogInit: Computer: MC10688
[2017.05.30-09.20.16:258][  0]LogInit: User: 1204915
[2017.05.30-09.20.16:258][  0]LogInit: CPU Page size=65536, Cores=4
[2017.05.30-09.20.16:258][  0]LogInit: High frequency timer resolution =3.118066 MHz
[2017.05.30-09.20.16:258][  0]LogMemory: Memory total: Physical=7.9GB (8GB approx)
[2017.05.30-09.20.16:258][  0]LogMemory: Platform Memory Stats for Windows
[2017.05.30-09.20.16:258][  0]LogMemory: Process Physical Memory: 263.55 MB used, 263.55 MB peak
[2017.05.30-09.20.16:258][  0]LogMemory: Process Virtual Memory: 264.33 MB used, 264.33 MB peak
[2017.05.30-09.20.16:258][  0]LogMemory: Physical Memory: 3112.46 MB used,  4954.48 MB free, 8066.95 MB total
[2017.05.30-09.20.16:258][  0]LogMemory: Virtual Memory: 632.09 MB used,  4954.48 MB free, 8388608.00 MB total
[2017.05.30-09.20.16:380][  0]LogTextLocalizationManager: No specific translations for ('en-GB') exist, so ('en') translations will be used.
[2017.05.30-09.20.17:205][  0]LogD3D11RHI: D3D11 adapters:
[2017.05.30-09.20.17:222][  0]LogD3D11RHI:    0. 'NVIDIA GeForce GTX 750 Ti' (Feature Level 11_0)
[2017.05.30-09.20.17:222][  0]LogD3D11RHI:       1993/0/2048 MB DedicatedVideo/DedicatedSystem/SharedSystem, Outputs:1, VendorId:0x10de
[2017.05.30-09.20.17:226][  0]LogD3D11RHI:    1. 'Intel(R) HD Graphics' (Feature Level 11_0)
[2017.05.30-09.20.17:226][  0]LogD3D11RHI:       64/0/1632 MB DedicatedVideo/DedicatedSystem/SharedSystem, Outputs:0, VendorId:0x8086
[2017.05.30-09.20.17:226][  0]LogD3D11RHI: Chosen D3D11 Adapter: 0
[2017.05.30-09.20.17:231][  0]LogD3D11RHI: Creating new Direct3DDevice
[2017.05.30-09.20.17:231][  0]LogD3D11RHI:     GPU DeviceId: 0x1380 (for the marketing name, search the web for "GPU Device Id")
[2017.05.30-09.20.17:231][  0]LogWindows: EnumDisplayDevices:
[2017.05.30-09.20.17:232][  0]LogWindows:    0. 'NVIDIA GeForce GTX 750 Ti' (P:1 D:1)
[2017.05.30-09.20.17:232][  0]LogWindows:    1. 'NVIDIA GeForce GTX 750 Ti' (P:0 D:0)
[2017.05.30-09.20.17:232][  0]LogWindows:    2. 'NVIDIA GeForce GTX 750 Ti' (P:0 D:0)
[2017.05.30-09.20.17:232][  0]LogWindows:    3. 'Intel(R) HD Graphics' (P:0 D:0)
[2017.05.30-09.20.17:233][  0]LogWindows:    4. 'Intel(R) HD Graphics' (P:0 D:0)
[2017.05.30-09.20.17:233][  0]LogWindows:    5. 'Intel(R) HD Graphics' (P:0 D:0)
[2017.05.30-09.20.17:233][  0]LogWindows:    6. 'RDPDD Chained DD' (P:0 D:0)
[2017.05.30-09.20.17:233][  0]LogWindows:    7. 'RDP Encoder Mirror Driver' (P:0 D:0)
[2017.05.30-09.20.17:233][  0]LogWindows:    8. 'RDP Reflector Display Driver' (P:0 D:0)
[2017.05.30-09.20.17:234][  0]LogWindows: DebugString: PrimaryIsNotTheChoosenAdapter PrimaryIsNotTheChoosenAdapter PrimaryIsNotTheChoosenAdapter GetVideoDriverDetailsInvalid PrimaryIsNotTheChoosenAdapter GetVideoDriverDetailsInvalid PrimaryIsNotTheChoosenAdapter GetVideoDriverDetailsInvalid PrimaryIsNotTheChoosenAdapter FoundDriverCount:3 
[2017.05.30-09.20.17:234][  0]LogD3D11RHI:     Adapter Name: NVIDIA GeForce GTX 750 Ti
[2017.05.30-09.20.17:234][  0]LogD3D11RHI:   Driver Version: 355.82 (internal:10.18.13.5582, unified:355.82)
[2017.05.30-09.20.17:234][  0]LogD3D11RHI:      Driver Date: 8-25-2015
[2017.05.30-09.20.17:234][  0]LogRHI: Texture pool is 1361 MB (70% of 1945 MB)
[2017.05.30-09.20.17:242][  0]LogD3D11RHI: NvAPI_D3D_GetCurrentSLIState failed: 0xfffffff7
[2017.05.30-09.20.17:242][  0]LogD3D11RHI: Async texture creation enabled
[2017.05.30-09.20.17:257][  0]LogD3D11RHI: GPU Timing Frequency: 1000.000000 (Debug: 2 2)
[2017.05.30-09.20.17:259][  0]LogShaderCompilers: Guid format shader working directory is 4 characters bigger than the processId version (M:/Git/King-of-the-Castle/King_of_the_Castle/Intermediate/Shaders/WorkingDirectory/6548/).
[2017.05.30-09.20.17:260][  0]LogShaderCompilers: Cleaned the shader compiler working directory 'C:/Users/1204915/AppData/Local/Temp/UnrealShaderWorkingDir/FE4A698D40AF327A8622E392318EFB5F/'.
[2017.05.30-09.20.17:260][  0]LogShaderCompilers:Display: Using Local Shader Compiler.
[2017.05.30-09.20.18:473][  0]LogTemp:Display: Loaded TP AllDesktopTargetPlatform
[2017.05.30-09.20.18:547][  0]LogTemp:Display: Loaded TP MacClientTargetPlatform
[2017.05.30-09.20.18:622][  0]LogTemp:Display: Loaded TP MacNoEditorTargetPlatform
[2017.05.30-09.20.18:696][  0]LogTemp:Display: Loaded TP MacServerTargetPlatform
[2017.05.30-09.20.18:771][  0]LogTemp:Display: Loaded TP MacTargetPlatform
[2017.05.30-09.20.18:845][  0]LogTemp:Display: Loaded TP WindowsClientTargetPlatform
[2017.05.30-09.20.18:920][  0]LogTemp:Display: Loaded TP WindowsNoEditorTargetPlatform
[2017.05.30-09.20.18:993][  0]LogTemp:Display: Loaded TP WindowsServerTargetPlatform
[2017.05.30-09.20.19:055][  0]LogTemp:Display: Loaded TP WindowsTargetPlatform
[2017.05.30-09.20.19:128][  0]LogTemp:Display: Loaded TP AndroidTargetPlatform
[2017.05.30-09.20.19:201][  0]LogTemp:Display: Loaded TP Android_ASTCTargetPlatform
[2017.05.30-09.20.19:275][  0]LogTemp:Display: Loaded TP Android_ATCTargetPlatform
[2017.05.30-09.20.19:349][  0]LogTemp:Display: Loaded TP Android_DXTTargetPlatform
[2017.05.30-09.20.19:423][  0]LogTemp:Display: Loaded TP Android_ETC1TargetPlatform
[2017.05.30-09.20.19:497][  0]LogTemp:Display: Loaded TP Android_ETC2TargetPlatform
[2017.05.30-09.20.19:644][  0]LogTemp:Display: Loaded TP Android_MultiTargetPlatform
[2017.05.30-09.20.19:644][  0]LogTemp:Display: Loaded TP Android_PVRTCTargetPlatform
[2017.05.30-09.20.19:695][  0]LogTemp:Display: Loaded TP HTML5TargetPlatform
[2017.05.30-09.20.19:811][  0]LogTemp:Display: Loaded TP IOSTargetPlatform
[2017.05.30-09.20.19:854][  0]LogTemp:Display: Loaded TP TVOSTargetPlatform
[2017.05.30-09.20.19:927][  0]LogTemp:Display: Loaded TP LinuxClientTargetPlatform
[2017.05.30-09.20.20:000][  0]LogTemp:Display: Loaded TP LinuxNoEditorTargetPlatform
[2017.05.30-09.20.20:074][  0]LogTemp:Display: Loaded TP LinuxServerTargetPlatform
[2017.05.30-09.20.20:148][  0]LogTemp:Display: Loaded TP LinuxTargetPlatform
[2017.05.30-09.20.20:148][  0]LogTargetPlatformManager:Display: Building Assets For Windows
[2017.05.30-09.20.20:650][  0]LogDerivedDataCache:Display: Max Cache Size: 512 MB
[2017.05.30-09.20.20:702][  0]LogDerivedDataCache: Loaded boot cache 0.05s 51MB C:/Users/1204915/AppData/Local/UnrealEngine/4.15/DerivedDataCache/Boot.ddc.
[2017.05.30-09.20.20:702][  0]LogDerivedDataCache:Display: Loaded Boot cache: C:/Users/1204915/AppData/Local/UnrealEngine/4.15/DerivedDataCache/Boot.ddc
[2017.05.30-09.20.20:703][  0]LogDerivedDataCache: FDerivedDataBackendGraph:  Pak pak cache file M:/Git/King-of-the-Castle/King_of_the_Castle/DerivedDataCache/DDC.ddp not found, will not use a pak cache.
[2017.05.30-09.20.20:703][  0]LogDerivedDataCache: Unable to find inner node Pak for hierarchical cache Hierarchy.
[2017.05.30-09.20.20:703][  0]LogDerivedDataCache: FDerivedDataBackendGraph:  CompressedPak pak cache file M:/Git/King-of-the-Castle/King_of_the_Castle/DerivedDataCache/Compressed.ddp not found, will not use a pak cache.
[2017.05.30-09.20.20:703][  0]LogDerivedDataCache: Unable to find inner node CompressedPak for hierarchical cache Hierarchy.
[2017.05.30-09.20.20:723][  0]LogDerivedDataCache:Display: Pak cache opened for reading ../../../Engine/DerivedDataCache/Compressed.ddp.
[2017.05.30-09.20.20:735][  0]LogDerivedDataCache: Using Local data cache path C:/Users/1204915/AppData/Local/UnrealEngine/Common/DerivedDataCache: Writable
[2017.05.30-09.20.20:745][  0]LogSlate: Using Freetype 2.6.0
[2017.05.30-09.20.20:746][  0]LogSlate: SlateFontCache - WITH_FREETYPE: 1, WITH_HARFBUZZ: 1
[2017.05.30-09.20.20:746][  0]LogSlate: SlateFontCache - WITH_FREETYPE: 1, WITH_HARFBUZZ: 1
[2017.05.30-09.20.21:123][  0]LogInit: Selected Device Profile: [Windows]
[2017.05.30-09.20.21:126][  0]LogContentStreaming: Texture pool size is 0.00 MB
[2017.05.30-09.20.21:389][  0]LogMeshUtilities: Using QuadricMeshReduction for automatic static mesh reduction
[2017.05.30-09.20.21:446][  0]LogSimplygon: Simplygon DLL not present - disabling.
[2017.05.30-09.20.21:507][  0]LogMeshUtilities: Using SimplygonSwarm for distributed automatic mesh merging
[2017.05.30-09.20.21:507][  0]LogMeshUtilities: No automatic skeletal mesh reduction module available
[2017.05.30-09.20.21:507][  0]LogMeshUtilities: No automatic mesh merging module available
[2017.05.30-09.20.22:116][  0]LogNetVersion: GetLocalNetworkVersion: CL: 3299760, ProjectName: king_of_the_castle, ProjectVersion: , EngineNetworkVersion: 2, GameNetworkVersion: 0, NetworkChecksum: 1498952889
[2017.05.30-09.20.22:161][  0]LogAssetRegistry: FAssetRegistry took 0.0197 seconds to start up
[2017.05.30-09.20.22:339][  0]LogPackageLocalizationCache: Processed 3 localized package path(s) for 2 prioritized culture(s) in 0.154968 seconds
[2017.05.30-09.20.22:346][  0]LogUObjectArray: 32493 objects as part of root set at end of initial load.
[2017.05.30-09.20.22:346][  0]LogUObjectAllocator: 7077024 out of 0 bytes used by permanent object pool.
[2017.05.30-09.20.22:346][  0]LogUObjectArray: CloseDisregardForGC: 0/0 objects in disregard for GC pool
[2017.05.30-09.20.22:422][  0]LogInit: WinSock: version 1.1 (2.2), MaxSocks=32767, MaxUdp=65467
[2017.05.30-09.20.24:696][  0]LogTcpMessaging: Initializing TcpMessaging bridge
[2017.05.30-09.20.24:739][  0]LogUdpMessaging: Initializing bridge on interface 0.0.0.0:0 to multicast group 230.0.0.1:6666.
[2017.05.30-09.20.24:740][  0]LogDirectoryWatcher: A directory notification failed for 'M:/Git/King-of-the-Castle/King_of_the_Castle/Content/' because it was empty or there was a buffer overflow. Attemping another request...
[2017.05.30-09.20.25:752][  0]LogMaterial: Uniform references updated for custom material expression Custom.
[2017.05.30-09.20.26:263][  0]SourceControl: Info Source control is disabled
[2017.05.30-09.20.26:272][  0]SourceControl: Info Source control is disabled
[2017.05.30-09.20.26:335][  0]SourceControl: Info Source control is disabled
[2017.05.30-09.20.26:396][  0]SourceControl: Info Source control is disabled
[2017.05.30-09.20.28:003][  0]LogEngine: Initializing Engine...
[2017.05.30-09.20.28:004][  0]LogHMD: Failed to initialize OpenVR with code 110
[2017.05.30-09.20.28:004][  0]LogHMD: GearVR starting with CPU: 2 GPU: 3 MinimumVsyncs: 1
[2017.05.30-09.20.52:532][  0]LogStats: UGameplayTagsManager::ConstructGameplayTagTree: Construct from data asset -  0.000 s
[2017.05.30-09.20.52:532][  0]LogStats: UGameplayTagsManager::ConstructGameplayTagTree: GameplayTagTreeChangedEvent.Broadcast -  0.000 s
[2017.05.30-09.20.52:724][  0]LogAIModule: Creating AISystem for world Untitled
[2017.05.30-09.20.52:737][  0]LogInit: XAudio2 using 'Speakers (Realtek High Definition Audio)' : 2 channels at 48 kHz using 32 bits per sample (channel mask 0x3)
[2017.05.30-09.20.52:786][  0]LogInit: FAudioDevice initialized.
[2017.05.30-09.20.52:816][  0]LogDerivedDataCache: Saved boot cache 0.03s 51MB C:/Users/1204915/AppData/Local/UnrealEngine/4.15/DerivedDataCache/Boot.ddc.
[2017.05.30-09.20.52:820][  0]LogInit: Texture streaming: Enabled
[2017.05.30-09.20.52:920][  0]LogEngineSessionManager: EngineSessionManager initialized
[2017.05.30-09.20.53:035][  0]LogInit: Transaction tracking system initialized
[2017.05.30-09.20.53:490][  0]BlueprintLog: New page: Editor Load
[2017.05.30-09.20.54:678][  0]LocalizationService: Info Localization service is disabled
[2017.05.30-09.20.55:546][  0]LogConsoleResponse:Display: 
[2017.05.30-09.20.55:693][  0]LogCook:Display: Max memory allowance for cook 16384mb min free memory 0mb
[2017.05.30-09.20.55:693][  0]LogCook:Display: Mobile HDR setting 1
[2017.05.30-09.20.56:945][  0]LogFileCache: Scanning file cache for directory 'M:/Git/King-of-the-Castle/King_of_the_Castle/Content/' took 0.05s
[2017.05.30-09.20.57:003][  0]SourceControl: Info Source control is disabled
[2017.05.30-09.20.57:003][  0]Cmd: MAP LOAD FILE="M:/Git/King-of-the-Castle/King_of_the_Castle/Content/ThirdPersonCPP/Maps/ThirdPersonExampleMap.umap" TEMPLATE=0 SHOWPROGRESS=1 FEATURELEVEL=3
[2017.05.30-09.20.57:009][  0]LightingResults: New page: Lighting Build
[2017.05.30-09.20.57:063][  0]MapCheck: New page: Map Check
[2017.05.30-09.20.57:063][  0]LightingResults: New page: Lighting Build
[2017.05.30-09.20.57:442][  0]LogAIModule: Creating AISystem for world ThirdPersonExampleMap
[2017.05.30-09.20.57:472][  0]LogEditorServer: Finished looking for orphan Actors (0.000 secs)
[2017.05.30-09.20.57:473][  0]Cmd: MAP CHECKDEP NOCLEARLOG
[2017.05.30-09.20.57:572][  0]MapCheck: Info Map check complete: 0 Error(s), 0 Warning(s), took 99.806ms to complete.
[2017.05.30-09.20.57:572][  0]LogFileHelpers: Loading map 'ThirdPersonExampleMap' took 0.569
[2017.05.30-09.20.57:768][  0]LogCollectionManager: Loaded 0 collections in 0.003639 seconds
[2017.05.30-09.20.57:884][  0]LogFileCache: Scanning file cache for directory 'M:/Git/King-of-the-Castle/King_of_the_Castle/Saved/Collections/' took 0.01s
[2017.05.30-09.20.57:884][  0]LogFileCache: Scanning file cache for directory 'M:/Git/King-of-the-Castle/King_of_the_Castle/Content/Developers/1204915/Collections/' took 0.01s
[2017.05.30-09.20.57:884][  0]LogFileCache: Scanning file cache for directory 'M:/Git/King-of-the-Castle/King_of_the_Castle/Content/Collections/' took 0.01s
[2017.05.30-09.20.57:884][  0]LogCollectionManager: Rebuilt the GUID cache for 0 collections in 0.000002 seconds
[2017.05.30-09.20.57:897][  0]LogContentBrowser: Native class hierarchy populated in 0.0130 seconds. Added 2247 classes and 455 folders.
[2017.05.30-09.20.57:981][  0]LogContentBrowser: Native class hierarchy updated for 'WidgetCarousel' in 0.0040 seconds. Added 0 classes and 0 folders.
[2017.05.30-09.20.58:056][  0]LogContentBrowser: Native class hierarchy updated for 'AddContentDialog' in 0.0040 seconds. Added 0 classes and 0 folders.
[2017.05.30-09.20.58:115][  0]LogContentBrowser: Native class hierarchy updated for 'SceneOutliner' in 0.0042 seconds. Added 1 classes and 2 folders.
[2017.05.30-09.20.58:168][  0]LogCrashTracker: Crashtracker disabled due to settings.
[2017.05.30-09.20.58:276][  0]LogContentBrowser: Native class hierarchy updated for 'HierarchicalLODOutliner' in 0.0040 seconds. Added 1 classes and 2 folders.
[2017.05.30-09.20.58:276][  0]LogLoad: (Engine Initialization) Total time: 45.16 seconds
[2017.05.30-09.20.58:276][  0]LogLoad: (Engine Initialization) Total Blueprint compile time: 0.14 seconds
[2017.05.30-09.20.58:276][  0]LogExternalProfiler: Found external profiler: VSPerf
[2017.05.30-09.20.58:276][  0]LogExternalProfiler: Using external profiler: VSPerf
[2017.05.30-09.20.58:285][  0]LogOcInput: OculusInput pre-init called
[2017.05.30-09.20.58:286][  0]LogOcInput: Can't find Oculus library dev build: is proper Runtime installed? Version: 1.10.0
[2017.05.30-09.20.58:304][  0]LogDirectoryWatcher: A directory notification failed for 'M:/Git/King-of-the-Castle/King_of_the_Castle/Content/' because it was empty or there was a buffer overflow. Attemping another request...
[2017.05.30-09.20.58:305][  0]LogDirectoryWatcher: A directory notification failed for 'M:/Git/King-of-the-Castle/King_of_the_Castle/Content/', and we were unable to create a new request.
[2017.05.30-09.20.58:305][  0]LogDirectoryWatcher: A directory notification failed for 'M:/Git/King-of-the-Castle/King_of_the_Castle/Binaries/Win64' because it was empty or there was a buffer overflow. Attemping another request...
[2017.05.30-09.20.58:305][  0]LogDirectoryWatcher: A directory notification failed for 'M:/Git/King-of-the-Castle/King_of_the_Castle/Saved/Collections/' because it was empty or there was a buffer overflow. Attemping another request...
[2017.05.30-09.20.58:305][  0]LogDirectoryWatcher: A directory notification failed for 'M:/Git/King-of-the-Castle/King_of_the_Castle/Content/Developers/1204915/Collections/' because it was empty or there was a buffer overflow. Attemping another request...
[2017.05.30-09.20.58:305][  0]LogDirectoryWatcher: A directory notification failed for 'M:/Git/King-of-the-Castle/King_of_the_Castle/Content/Collections/' because it was empty or there was a buffer overflow. Attemping another request...
[2017.05.30-09.20.58:311][  0]LogContentStreaming: Texture pool size now 1000 MB
[2017.05.30-09.20.58:313][  0]LogSlate: Took 0.000551 seconds to synchronously load lazily loaded font '../../../Engine/Content/Slate/Fonts/Roboto-Regular.ttf' (155K)
[2017.05.30-09.20.58:317][  0]LogSlate: Took 0.000424 seconds to synchronously load lazily loaded font '../../../Engine/Content/Slate/Fonts/Roboto-Bold.ttf' (160K)
[2017.05.30-09.20.58:323][  0]LogSlate: Took 0.000426 seconds to synchronously load lazily loaded font '../../../Engine/Content/Editor/Slate/Fonts/FontAwesome.ttf' (139K)
[2017.05.30-09.20.58:441][  0]LogSlate: Took 0.000494 seconds to synchronously load lazily loaded font '../../../Engine/Content/Slate/Fonts/Roboto-Light.ttf' (159K)
[2017.05.30-09.20.58:503][  0]LogRenderer: Reallocating scene render targets to support 1208x652 NumSamples 1 (Frame:2).
[2017.05.30-09.20.58:571][  1]LogAssetRegistry: Asset discovery search completed in 36.4272 seconds
[2017.05.30-09.20.58:571][  1]LogCollectionManager: Rebuilt the object cache for 0 collections in 0.000006 seconds (found 0 objects)
[2017.05.30-09.20.58:571][  1]LogCollectionManager: Fixed up redirectors for 0 collections in 0.000022 seconds (updated 0 objects)
[2017.05.30-09.20.58:571][  1]LogDirectoryWatcher: A directory notification failed for 'M:/Git/King-of-the-Castle/King_of_the_Castle/Binaries/Win64' because it was empty or there was a buffer overflow. Attemping another request...
[2017.05.30-09.20.58:572][  1]LogDirectoryWatcher: A directory notification failed for 'M:/Git/King-of-the-Castle/King_of_the_Castle/Binaries/Win64', and we were unable to create a new request.
[2017.05.30-09.20.58:572][  1]LogDirectoryWatcher: A directory notification failed for 'M:/Git/King-of-the-Castle/King_of_the_Castle/Saved/Collections/' because it was empty or there was a buffer overflow. Attemping another request...
[2017.05.30-09.20.58:572][  1]LogDirectoryWatcher: A directory notification failed for 'M:/Git/King-of-the-Castle/King_of_the_Castle/Saved/Collections/', and we were unable to create a new request.
[2017.05.30-09.20.58:572][  1]LogDirectoryWatcher: A directory notification failed for 'M:/Git/King-of-the-Castle/King_of_the_Castle/Content/Developers/1204915/Collections/' because it was empty or there was a buffer overflow. Attemping another request...
[2017.05.30-09.20.58:573][  1]LogDirectoryWatcher: A directory notification failed for 'M:/Git/King-of-the-Castle/King_of_the_Castle/Content/Developers/1204915/Collections/', and we were unable to create a new request.
[2017.05.30-09.20.58:573][  1]LogDirectoryWatcher: A directory notification failed for 'M:/Git/King-of-the-Castle/King_of_the_Castle/Content/Collections/' because it was empty or there was a buffer overflow. Attemping another request...
[2017.05.30-09.20.58:573][  1]LogDirectoryWatcher: A directory notification failed for 'M:/Git/King-of-the-Castle/King_of_the_Castle/Content/Collections/', and we were unable to create a new request.
[2017.05.30-09.22.18:357][330]LogSlate: Took 0.000443 seconds to synchronously load lazily loaded font '../../../Engine/Content/Slate/Fonts/Roboto-Light.ttf' (159K)
[2017.05.30-09.23.11:355][987]LogAssetTools:Warning: Failed to copy M:/Git/King-of-the-Castle/King_of_the_Castle/Content/ThirdPersonCPP/Maps/ThirdPersonExampleMap.umap to M:/Git/King-of-the-Castle/King_of_the_Castle/Content/ThirdPersonCPP/Maps/ThirdPersonExampleMap.umap while migrating assets
[2017.05.30-09.23.11:358][987]LogAssetTools:Warning: Failed to copy M:/Git/King-of-the-Castle/King_of_the_Castle/Content/ThirdPersonCPP/Blueprints/ThirdPersonCharacter.uasset to M:/Git/King-of-the-Castle/King_of_the_Castle/Content/ThirdPersonCPP/Blueprints/ThirdPersonCharacter.uasset while migrating assets
[2017.05.30-09.23.11:359][987]LogAssetTools:Warning: Failed to copy M:/Git/King-of-the-Castle/King_of_the_Castle/Content/Mannequin/Animations/ThirdPerson_AnimBP.uasset to M:/Git/King-of-the-Castle/King_of_the_Castle/Content/Mannequin/Animations/ThirdPerson_AnimBP.uasset while migrating assets
[2017.05.30-09.23.11:361][987]LogAssetTools:Warning: Failed to copy M:/Git/King-of-the-Castle/King_of_the_Castle/Content/Mannequin/Animations/ThirdPerson_Jump.uasset to M:/Git/King-of-the-Castle/King_of_the_Castle/Content/Mannequin/Animations/ThirdPerson_Jump.uasset while migrating assets
[2017.05.30-09.23.11:363][987]LogAssetTools:Warning: Failed to copy M:/Git/King-of-the-Castle/King_of_the_Castle/Content/Mannequin/Character/Mesh/UE4_Mannequin_Skeleton.uasset to M:/Git/King-of-the-Castle/King_of_the_Castle/Content/Mannequin/Character/Mesh/UE4_Mannequin_Skeleton.uasset while migrating assets
[2017.05.30-09.23.11:364][987]LogAssetTools:Warning: Failed to copy M:/Git/King-of-the-Castle/King_of_the_Castle/Content/Mannequin/Character/Mesh/SK_Mannequin.uasset to M:/Git/King-of-the-Castle/King_of_the_Castle/Content/Mannequin/Character/Mesh/SK_Mannequin.uasset while migrating assets
[2017.05.30-09.23.11:366][987]LogAssetTools:Warning: Failed to copy M:/Git/King-of-the-Castle/King_of_the_Castle/Content/Mannequin/Character/Materials/M_UE4Man_Body.uasset to M:/Git/King-of-the-Castle/King_of_the_Castle/Content/Mannequin/Character/Materials/M_UE4Man_Body.uasset while migrating assets
[2017.05.30-09.23.11:367][987]LogAssetTools:Warning: Failed to copy M:/Git/King-of-the-Castle/King_of_the_Castle/Content/Mannequin/Character/Materials/MaterialLayers/ML_GlossyBlack_Latex_UE4.uasset to M:/Git/King-of-the-Castle/King_of_the_Castle/Content/Mannequin/Character/Materials/MaterialLayers/ML_GlossyBlack_Latex_UE4.uasset while migrating assets
[2017.05.30-09.23.11:369][987]LogAssetTools:Warning: Failed to copy M:/Git/King-of-the-Castle/King_of_the_Castle/Content/Mannequin/Character/Materials/MaterialLayers/T_ML_Rubber_Blue_01_D.uasset to M:/Git/King-of-the-Castle/King_of_the_Castle/Content/Mannequin/Character/Materials/MaterialLayers/T_ML_Rubber_Blue_01_D.uasset while migrating assets
[2017.05.30-09.23.11:371][987]LogAssetTools:Warning: Failed to copy M:/Git/King-of-the-Castle/King_of_the_Castle/Content/Mannequin/Character/Materials/MaterialLayers/T_ML_Rubber_Blue_01_N.uasset to M:/Git/King-of-the-Castle/King_of_the_Castle/Content/Mannequin/Character/Materials/MaterialLayers/T_ML_Rubber_Blue_01_N.uasset while migrating assets
[2017.05.30-09.23.11:372][987]LogAssetTools:Warning: Failed to copy M:/Git/King-of-the-Castle/King_of_the_Castle/Content/Mannequin/Character/Materials/MaterialLayers/ML_Plastic_Shiny_Beige.uasset to M:/Git/King-of-the-Castle/King_of_the_Castle/Content/Mannequin/Character/Materials/MaterialLayers/ML_Plastic_Shiny_Beige.uasset while migrating assets
[2017.05.30-09.23.11:374][987]LogAssetTools:Warning: Failed to copy M:/Git/King-of-the-Castle/King_of_the_Castle/Content/Mannequin/Character/Materials/MaterialLayers/ML_Plastic_Shiny_Beige_LOGO.uasset to M:/Git/King-of-the-Castle/King_of_the_Castle/Content/Mannequin/Character/Materials/MaterialLayers/ML_Plastic_Shiny_Beige_LOGO.uasset while migrating assets
[2017.05.30-09.23.11:375][987]LogAssetTools:Warning: Failed to copy M:/Git/King-of-the-Castle/King_of_the_Castle/Content/Mannequin/Character/Textures/UE4_LOGO_CARD.uasset to M:/Git/King-of-the-Castle/King_of_the_Castle/Content/Mannequin/Character/Textures/UE4_LOGO_CARD.uasset while migrating assets
[2017.05.30-09.23.11:376][987]LogAssetTools:Warning: Failed to copy M:/Git/King-of-the-Castle/King_of_the_Castle/Content/Mannequin/Character/Materials/MaterialLayers/ML_SoftMetal_UE4.uasset to M:/Git/King-of-the-Castle/King_of_the_Castle/Content/Mannequin/Character/Materials/MaterialLayers/ML_SoftMetal_UE4.uasset while migrating assets
[2017.05.30-09.23.11:377][987]LogAssetTools:Warning: Failed to copy M:/Git/King-of-the-Castle/King_of_the_Castle/Content/Mannequin/Character/Materials/MaterialLayers/T_ML_Aluminum01.uasset to M:/Git/King-of-the-Castle/King_of_the_Castle/Content/Mannequin/Character/Materials/MaterialLayers/T_ML_Aluminum01.uasset while migrating assets
[2017.05.30-09.23.11:379][987]LogAssetTools:Warning: Failed to copy M:/Git/King-of-the-Castle/King_of_the_Castle/Content/Mannequin/Character/Materials/MaterialLayers/T_ML_Aluminum01_N.uasset to M:/Git/King-of-the-Castle/King_of_the_Castle/Content/Mannequin/Character/Materials/MaterialLayers/T_ML_Aluminum01_N.uasset while migrating assets
[2017.05.30-09.23.11:380][987]LogAssetTools:Warning: Failed to copy M:/Git/King-of-the-Castle/King_of_the_Castle/Content/Mannequin/Character/Textures/UE4_Mannequin__normals.uasset to M:/Git/King-of-the-Castle/King_of_the_Castle/Content/Mannequin/Character/Textures/UE4_Mannequin__normals.uasset while migrating assets
[2017.05.30-09.23.11:381][987]LogAssetTools:Warning: Failed to copy M:/Git/King-of-the-Castle/King_of_the_Castle/Content/Mannequin/Character/Textures/UE4_Mannequin_MAT_MASKA.uasset to M:/Git/King-of-the-Castle/King_of_the_Castle/Content/Mannequin/Character/Textures/UE4_Mannequin_MAT_MASKA.uasset while migrating assets
[2017.05.30-09.23.11:383][987]LogAssetTools:Warning: Failed to copy M:/Git/King-of-the-Castle/King_of_the_Castle/Content/Mannequin/Character/Materials/M_UE4Man_ChestLogo.uasset to M:/Git/King-of-the-Castle/King_of_the_Castle/Content/Mannequin/Character/Materials/M_UE4Man_ChestLogo.uasset while migrating assets
[2017.05.30-09.23.11:384][987]LogAssetTools:Warning: Failed to copy M:/Git/King-of-the-Castle/King_of_the_Castle/Content/Mannequin/Character/Textures/UE4Man_Logo_N.uasset to M:/Git/King-of-the-Castle/King_of_the_Castle/Content/Mannequin/Character/Textures/UE4Man_Logo_N.uasset while migrating assets
[2017.05.30-09.23.11:385][987]LogAssetTools:Warning: Failed to copy M:/Git/King-of-the-Castle/King_of_the_Castle/Content/Mannequin/Character/Mesh/SK_Mannequin_PhysicsAsset.uasset to M:/Git/King-of-the-Castle/King_of_the_Castle/Content/Mannequin/Character/Mesh/SK_Mannequin_PhysicsAsset.uasset while migrating assets
[2017.05.30-09.23.11:386][987]LogAssetTools:Warning: Failed to copy M:/Git/King-of-the-Castle/King_of_the_Castle/Content/Mannequin/Animations/ThirdPersonJump_Loop.uasset to M:/Git/King-of-the-Castle/King_of_the_Castle/Content/Mannequin/Animations/ThirdPersonJump_Loop.uasset while migrating assets
[2017.05.30-09.23.11:388][987]LogAssetTools:Warning: Failed to copy M:/Git/King-of-the-Castle/King_of_the_Castle/Content/Mannequin/Animations/ThirdPersonJump_Start.uasset to M:/Git/King-of-the-Castle/King_of_the_Castle/Content/Mannequin/Animations/ThirdPersonJump_Start.uasset while migrating assets
[2017.05.30-09.23.11:389][987]LogAssetTools:Warning: Failed to copy M:/Git/King-of-the-Castle/King_of_the_Castle/Content/Mannequin/Animations/ThirdPerson_IdleRun_2D.uasset to M:/Git/King-of-the-Castle/King_of_the_Castle/Content/Mannequin/Animations/ThirdPerson_IdleRun_2D.uasset while migrating assets
[2017.05.30-09.23.11:390][987]LogAssetTools:Warning: Failed to copy M:/Git/King-of-the-Castle/King_of_the_Castle/Content/Mannequin/Animations/ThirdPersonIdle.uasset to M:/Git/King-of-the-Castle/King_of_the_Castle/Content/Mannequin/Animations/ThirdPersonIdle.uasset while migrating assets
[2017.05.30-09.23.11:392][987]LogAssetTools:Warning: Failed to copy M:/Git/King-of-the-Castle/King_of_the_Castle/Content/Mannequin/Animations/ThirdPersonRun.uasset to M:/Git/King-of-the-Castle/King_of_the_Castle/Content/Mannequin/Animations/ThirdPersonRun.uasset while migrating assets
[2017.05.30-09.23.11:393][987]LogAssetTools:Warning: Failed to copy M:/Git/King-of-the-Castle/King_of_the_Castle/Content/Mannequin/Animations/ThirdPersonWalk.uasset to M:/Git/King-of-the-Castle/King_of_the_Castle/Content/Mannequin/Animations/ThirdPersonWalk.uasset while migrating assets
[2017.05.30-09.23.11:394][987]LogAssetTools:Warning: Failed to copy M:/Git/King-of-the-Castle/King_of_the_Castle/Content/ThirdPersonCPP/Maps/ThirdPersonExampleMap_BuiltData.uasset to M:/Git/King-of-the-Castle/King_of_the_Castle/Content/ThirdPersonCPP/Maps/ThirdPersonExampleMap_BuiltData.uasset while migrating assets
[2017.05.30-09.23.11:395][987]LogAssetTools:Warning: Failed to copy M:/Git/King-of-the-Castle/King_of_the_Castle/Content/Geometry/Meshes/CubeMaterial.uasset to M:/Git/King-of-the-Castle/King_of_the_Castle/Content/Geometry/Meshes/CubeMaterial.uasset while migrating assets
[2017.05.30-09.23.11:397][987]LogAssetTools:Warning: Failed to copy M:/Git/King-of-the-Castle/King_of_the_Castle/Content/Geometry/Meshes/1M_Cube.uasset to M:/Git/King-of-the-Castle/King_of_the_Castle/Content/Geometry/Meshes/1M_Cube.uasset while migrating assets
[2017.05.30-09.23.11:398][987]LogAssetTools:Warning: Failed to copy M:/Git/King-of-the-Castle/King_of_the_Castle/Content/Geometry/Meshes/1M_Cube_Chamfer.uasset to M:/Git/King-of-the-Castle/King_of_the_Castle/Content/Geometry/Meshes/1M_Cube_Chamfer.uasset while migrating assets
[2017.05.30-09.23.11:399][987]LogAssetTools:Warning: Failed to copy M:/Git/King-of-the-Castle/King_of_the_Castle/Content/Geometry/Meshes/TemplateFloor.uasset to M:/Git/King-of-the-Castle/King_of_the_Castle/Content/Geometry/Meshes/TemplateFloor.uasset while migrating assets
[2017.05.30-09.23.11:400][987]LogAssetTools:Warning: Failed to copy M:/Git/King-of-the-Castle/King_of_the_Castle/Content/ThirdPerson/Meshes/Bump_StaticMesh.uasset to M:/Git/King-of-the-Castle/King_of_the_Castle/Content/ThirdPerson/Meshes/Bump_StaticMesh.uasset while migrating assets
[2017.05.30-09.23.11:401][987]LogAssetTools:Warning: Failed to copy M:/Git/King-of-the-Castle/King_of_the_Castle/Content/ThirdPerson/Meshes/RampMaterial.uasset to M:/Git/King-of-the-Castle/King_of_the_Castle/Content/ThirdPerson/Meshes/RampMaterial.uasset while migrating assets
[2017.05.30-09.23.11:403][987]LogAssetTools:Warning: Failed to copy M:/Git/King-of-the-Castle/King_of_the_Castle/Content/ThirdPerson/Meshes/LeftArm_StaticMesh.uasset to M:/Git/King-of-the-Castle/King_of_the_Castle/Content/ThirdPerson/Meshes/LeftArm_StaticMesh.uasset while migrating assets
[2017.05.30-09.23.11:404][987]LogAssetTools:Warning: Failed to copy M:/Git/King-of-the-Castle/King_of_the_Castle/Content/ThirdPerson/Meshes/Linear_Stair_StaticMesh.uasset to M:/Git/King-of-the-Castle/King_of_the_Castle/Content/ThirdPerson/Meshes/Linear_Stair_StaticMesh.uasset while migrating assets
[2017.05.30-09.23.11:405][987]LogAssetTools:Warning: Failed to copy M:/Git/King-of-the-Castle/King_of_the_Castle/Content/ThirdPerson/Meshes/Ramp_StaticMesh.uasset to M:/Git/King-of-the-Castle/King_of_the_Castle/Content/ThirdPerson/Meshes/Ramp_StaticMesh.uasset while migrating assets
[2017.05.30-09.23.11:407][987]LogAssetTools:Warning: Failed to copy M:/Git/King-of-the-Castle/King_of_the_Castle/Content/ThirdPerson/Meshes/RightArm_StaticMesh.uasset to M:/Git/King-of-the-Castle/King_of_the_Castle/Content/ThirdPerson/Meshes/RightArm_StaticMesh.uasset while migrating assets
[2017.05.30-09.23.11:409][987]AssetTools: New page: Copy Errors
[2017.05.30-09.23.11:409][987]AssetTools:Error: Error M:/Git/King-of-the-Castle/King_of_the_Castle/Content/ThirdPersonCPP/Maps/ThirdPersonExampleMap.umap
M:/Git/King-of-the-Castle/King_of_the_Castle/Content/ThirdPersonCPP/Blueprints/ThirdPersonCharacter.uasset
M:/Git/King-of-the-Castle/King_of_the_Castle/Content/Mannequin/Animations/ThirdPerson_AnimBP.uasset
M:/Git/King-of-the-Castle/King_of_the_Castle/Content/Mannequin/Animations/ThirdPerson_Jump.uasset
M:/Git/King-of-the-Castle/King_of_the_Castle/Content/Mannequin/Character/Mesh/UE4_Mannequin_Skeleton.uasset
M:/Git/King-of-the-Castle/King_of_the_Castle/Content/Mannequin/Character/Mesh/SK_Mannequin.uasset
M:/Git/King-of-the-Castle/King_of_the_Castle/Content/Mannequin/Character/Materials/M_UE4Man_Body.uasset
M:/Git/King-of-the-Castle/King_of_the_Castle/Content/Mannequin/Character/Materials/MaterialLayers/ML_GlossyBlack_Latex_UE4.uasset
M:/Git/King-of-the-Castle/King_of_the_Castle/Content/Mannequin/Character/Materials/MaterialLayers/T_ML_Rubber_Blue_01_D.uasset
M:/Git/King-of-the-Castle/King_of_the_Castle/Content/Mannequin/Character/Materials/MaterialLayers/T_ML_Rubber_Blue_01_N.uasset
M:/Git/King-of-the-Castle/King_of_the_Castle/Content/Mannequin/Character/Materials/MaterialLayers/ML_Plastic_Shiny_Beige.uasset
M:/Git/King-of-the-Castle/King_of_the_Castle/Content/Mannequin/Character/Materials/MaterialLayers/ML_Plastic_Shiny_Beige_LOGO.uasset
M:/Git/King-of-the-Castle/King_of_the_Castle/Content/Mannequin/Character/Textures/UE4_LOGO_CARD.uasset
M:/Git/King-of-the-Castle/King_of_the_Castle/Content/Mannequin/Character/Materials/MaterialLayers/ML_SoftMetal_UE4.uasset
M:/Git/King-of-the-Castle/King_of_the_Castle/Content/Mannequin/Character/Materials/MaterialLayers/T_ML_Aluminum01.uasset
M:/Git/King-of-the-Castle/King_of_the_Castle/Content/Mannequin/Character/Materials/MaterialLayers/T_ML_Aluminum01_N.uasset
M:/Git/King-of-the-Castle/King_of_the_Castle/Content/Mannequin/Character/Textures/UE4_Mannequin__normals.uasset
M:/Git/King-of-the-Castle/King_of_the_Castle/Content/Mannequin/Character/Textures/UE4_Mannequin_MAT_MASKA.uasset
M:/Git/King-of-the-Castle/King_of_the_Castle/Content/Mannequin/Character/Materials/M_UE4Man_ChestLogo.uasset
M:/Git/King-of-the-Castle/King_of_the_Castle/Content/Mannequin/Character/Textures/UE4Man_Logo_N.uasset
M:/Git/King-of-the-Castle/King_of_the_Castle/Content/Mannequin/Character/Mesh/SK_Mannequin_PhysicsAsset.uasset
M:/Git/King-of-the-Castle/King_of_the_Castle/Content/Mannequin/Animations/ThirdPersonJump_Loop.uasset
M:/Git/King-of-the-Castle/King_of_the_Castle/Content/Mannequin/Animations/ThirdPersonJump_Start.uasset
M:/Git/King-of-the-Castle/King_of_the_Castle/Content/Mannequin/Animations/ThirdPerson_IdleRun_2D.uasset
M:/Git/King-of-the-Castle/King_of_the_Castle/Content/Mannequin/Animations/ThirdPersonIdle.uasset
M:/Git/King-of-the-Castle/King_of_the_Castle/Content/Mannequin/Animations/ThirdPersonRun.uasset
M:/Git/King-of-the-Castle/King_of_the_Castle/Content/Mannequin/Animations/ThirdPersonWalk.uasset
M:/Git/King-of-the-Castle/King_of_the_Castle/Content/ThirdPersonCPP/Maps/ThirdPersonExampleMap_BuiltData.uasset
M:/Git/King-of-the-Castle/King_of_the_Castle/Content/Geometry/Meshes/CubeMaterial.uasset
M:/Git/King-of-the-Castle/King_of_the_Castle/Content/Geometry/Meshes/1M_Cube.uasset
M:/Git/King-of-the-Castle/King_of_the_Castle/Content/Geometry/Meshes/1M_Cube_Chamfer.uasset
M:/Git/King-of-the-Castle/King_of_the_Castle/Content/Geometry/Meshes/TemplateFloor.uasset
M:/Git/King-of-the-Castle/King_of_the_Castle/Content/ThirdPerson/Meshes/Bump_StaticMesh.uasset
M:/Git/King-of-the-Castle/King_of_the_Castle/Content/ThirdPerson/Meshes/RampMaterial.uasset
M:/Git/King-of-the-Castle/King_of_the_Castle/Content/ThirdPerson/Meshes/LeftArm_StaticMesh.uasset
M:/Git/King-of-the-Castle/King_of_the_Castle/Content/ThirdPerson/Meshes/Linear_Stair_StaticMesh.uasset
M:/Git/King-of-the-Castle/King_of_the_Castle/Content/ThirdPerson/Meshes/Ramp_StaticMesh.uasset
M:/Git/King-of-the-Castle/King_of_the_Castle/Content/ThirdPerson/Meshes/RightArm_StaticMesh.uasset

[2017.05.30-09.23.16:604][554]Cmd: QUIT_EDITOR
[2017.05.30-09.23.16:682][554]LogExit: Preparing to exit.
[2017.05.30-09.23.17:931][554]LogExit: Editor shut down
[2017.05.30-09.23.17:931][554]LogExit: Transaction tracking system shut down
[2017.05.30-09.23.17:992][554]LogObj: Freed 0b from 0 cluster array pools.
[2017.05.30-09.23.17:992][554]LogExit: Object subsystem successfully closed.
[2017.05.30-09.23.18:010][554]LogD3D11RHI: Shutdown
[2017.05.30-09.23.18:010][554]LogD3D11RHI: CleanupD3DDevice
[2017.05.30-09.23.18:050][554]LogD3D11RHI: ~FD3D11DynamicRHI
[2017.05.30-09.23.18:071][554]LogModuleManager: Shutting down and abandoning module HierarchicalLODOutliner (500)
[2017.05.30-09.23.18:071][554]LogModuleManager: Shutting down and abandoning module CrashTracker (498)
[2017.05.30-09.23.18:071][554]LogModuleManager: Shutting down and abandoning module SceneOutliner (496)
[2017.05.30-09.23.18:071][554]LogModuleManager: Shutting down and abandoning module AddContentDialog (494)
[2017.05.30-09.23.18:071][554]LogDirectoryWatcher: A directory notification for 'C:/Program Files/Epic Games/UE_4.15/FeaturePacks/' was aborted.
[2017.05.30-09.23.18:073][554]LogModuleManager: Shutting down and abandoning module WidgetCarousel (493)
[2017.05.30-09.23.18:073][554]LogModuleManager: Shutting down and abandoning module EditorWidgets (490)
[2017.05.30-09.23.18:073][554]LogModuleManager: Shutting down and abandoning module CollectionManager (488)
[2017.05.30-09.23.18:073][554]LogModuleManager: Shutting down and abandoning module StatsViewer (486)
[2017.05.30-09.23.18:073][554]LogModuleManager: Shutting down and abandoning module FoliageEdit (484)
[2017.05.30-09.23.18:073][554]LogModuleManager: Shutting down and abandoning module LandscapeEditor (482)
[2017.05.30-09.23.18:073][554]LogModuleManager: Shutting down and abandoning module SceneDepthPickerMode (480)
[2017.05.30-09.23.18:073][554]LogModuleManager: Shutting down and abandoning module ActorPickerMode (478)
[2017.05.30-09.23.18:073][554]LogModuleManager: Shutting down and abandoning module GeometryMode (476)
[2017.05.30-09.23.18:073][554]LogModuleManager: Shutting down and abandoning module TextureAlignMode (474)
[2017.05.30-09.23.18:073][554]LogModuleManager: Shutting down and abandoning module BspMode (472)
[2017.05.30-09.23.18:073][554]LogModuleManager: Shutting down and abandoning module HardwareSurvey (470)
[2017.05.30-09.23.18:073][554]LogModuleManager: Shutting down and abandoning module SequenceRecorderSections (468)
[2017.05.30-09.23.18:073][554]LogModuleManager: Shutting down and abandoning module AutomationWorker (466)
[2017.05.30-09.23.18:073][554]LogModuleManager: Shutting down and abandoning module MatineeToLevelSequence (464)
[2017.05.30-09.23.18:073][554]LogModuleManager: Shutting down and abandoning module LevelSequenceEditor (462)
[2017.05.30-09.23.18:073][554]LogModuleManager: Shutting down and abandoning module PlacementMode (461)
[2017.05.30-09.23.18:073][554]LogModuleManager: Shutting down and abandoning module WmfMediaFactory (458)
[2017.05.30-09.23.18:073][554]LogModuleManager: Shutting down and abandoning module WmfMediaEditor (456)
[2017.05.30-09.23.18:073][554]LogModuleManager: Shutting down and abandoning module MfMediaFactory (454)
[2017.05.30-09.23.18:073][554]LogModuleManager: Shutting down and abandoning module MfMediaEditor (452)
[2017.05.30-09.23.18:073][554]LogModuleManager: Shutting down and abandoning module AvfMediaFactory (450)
[2017.05.30-09.23.18:073][554]LogModuleManager: Shutting down and abandoning module AvfMediaEditor (448)
[2017.05.30-09.23.18:073][554]LogModuleManager: Shutting down and abandoning module AndroidMediaFactory (446)
[2017.05.30-09.23.18:073][554]LogModuleManager: Shutting down and abandoning module Media (445)
[2017.05.30-09.23.18:073][554]LogModuleManager: Shutting down and abandoning module AndroidMediaEditor (442)
[2017.05.30-09.23.18:073][554]LogModuleManager: Shutting down and abandoning module CharacterAI (440)
[2017.05.30-09.23.18:073][554]LogModuleManager: Shutting down and abandoning module AudioCapture (438)
[2017.05.30-09.23.18:073][554]LogModuleManager: Shutting down and abandoning module SequenceRecorder (437)
[2017.05.30-09.23.18:073][554]LogModuleManager: Shutting down and abandoning module SmartSnapping (434)
[2017.05.30-09.23.18:073][554]LogModuleManager: Shutting down and abandoning module SessionServices (432)
[2017.05.30-09.23.18:073][554]LogModuleManager: Shutting down and abandoning module ViewportSnapping (430)
[2017.05.30-09.23.18:073][554]LogModuleManager: Shutting down and abandoning module ViewportInteraction (428)
[2017.05.30-09.23.18:073][554]LogModuleManager: Shutting down and abandoning module LogVisualizer (426)
[2017.05.30-09.23.18:073][554]LogModuleManager: Shutting down and abandoning module IntroTutorials (424)
[2017.05.30-09.23.18:073][554]LogModuleManager: Shutting down and abandoning module GameProjectGeneration (423)
[2017.05.30-09.23.18:074][554]LogModuleManager: Shutting down and abandoning module EditorLiveStreaming (420)
[2017.05.30-09.23.18:074][554]LogModuleManager: Shutting down and abandoning module IOSPlatformEditor (418)
[2017.05.30-09.23.18:074][554]LogModuleManager: Shutting down and abandoning module HTML5PlatformEditor (416)
[2017.05.30-09.23.18:074][554]LogModuleManager: Shutting down and abandoning module AndroidPlatformEditor (414)
[2017.05.30-09.23.18:074][554]LogModuleManager: Shutting down and abandoning module AndroidDeviceDetection (413)
[2017.05.30-09.23.18:164][554]LogModuleManager: Shutting down and abandoning module IOSRuntimeSettings (410)
[2017.05.30-09.23.18:164][554]LogModuleManager: Shutting down and abandoning module AndroidRuntimeSettings (408)
[2017.05.30-09.23.18:164][554]LogModuleManager: Shutting down and abandoning module InputBindingEditor (406)
[2017.05.30-09.23.18:164][554]LogModuleManager: Shutting down and abandoning module NiagaraEditor (404)
[2017.05.30-09.23.18:165][554]LogModuleManager: Shutting down and abandoning module MergeActors (402)
[2017.05.30-09.23.18:165][554]LogModuleManager: Shutting down and abandoning module SizeMap (400)
[2017.05.30-09.23.18:165][554]LogModuleManager: Shutting down and abandoning module TreeMap (398)
[2017.05.30-09.23.18:165][554]LogModuleManager: Shutting down and abandoning module ReferenceViewer (396)
[2017.05.30-09.23.18:165][554]LogModuleManager: Shutting down and abandoning module LocalizationDashboard (394)
[2017.05.30-09.23.18:165][554]LogModuleManager: Shutting down and abandoning module LocalizationService (393)
[2017.05.30-09.23.18:165][554]LogModuleManager: Shutting down and abandoning module HardwareTargeting (390)
[2017.05.30-09.23.18:165][554]LogModuleManager: Shutting down and abandoning module DeviceProfileEditor (388)
[2017.05.30-09.23.18:165][554]LogModuleManager: Shutting down and abandoning module UndoHistory (386)
[2017.05.30-09.23.18:165][554]LogModuleManager: Shutting down and abandoning module UserFeedback (384)
[2017.05.30-09.23.18:165][554]LogModuleManager: Shutting down and abandoning module XmlParser (382)
[2017.05.30-09.23.18:165][554]LogModuleManager: Shutting down and abandoning module Blutility (380)
[2017.05.30-09.23.18:165][554]LogModuleManager: Shutting down and abandoning module ProjectSettingsViewer (378)
[2017.05.30-09.23.18:165][554]LogModuleManager: Shutting down and abandoning module ProjectTargetPlatformEditor (377)
[2017.05.30-09.23.18:165][554]LogModuleManager: Shutting down and abandoning module EditorSettingsViewer (374)
[2017.05.30-09.23.18:165][554]LogModuleManager: Shutting down and abandoning module SettingsEditor (372)
[2017.05.30-09.23.18:165][554]LogModuleManager: Shutting down and abandoning module ProjectLauncher (370)
[2017.05.30-09.23.18:166][554]LogModuleManager: Shutting down and abandoning module SessionFrontend (368)
[2017.05.30-09.23.18:166][554]LogModuleManager: Shutting down and abandoning module ProfilerClient (366)
[2017.05.30-09.23.18:166][554]LogModuleManager: Shutting down and abandoning module DeviceManager (364)
[2017.05.30-09.23.18:166][554]LogModuleManager: Shutting down and abandoning module TargetDeviceServices (363)
[2017.05.30-09.23.18:216][554]LogModuleManager: Shutting down and abandoning module AutomationController (360)
[2017.05.30-09.23.18:216][554]LogModuleManager: Shutting down and abandoning module AutomationWindow (358)
[2017.05.30-09.23.18:216][554]LogModuleManager: Shutting down and abandoning module Layers (356)
[2017.05.30-09.23.18:216][554]LogModuleManager: Shutting down and abandoning module ComponentVisualizers (354)
[2017.05.30-09.23.18:216][554]LogModuleManager: Shutting down and abandoning module DetailCustomizations (352)
[2017.05.30-09.23.18:216][554]LogModuleManager: Shutting down and abandoning module PackagesDialog (350)
[2017.05.30-09.23.18:216][554]LogModuleManager: Shutting down and abandoning module Persona (348)
[2017.05.30-09.23.18:216][554]LogModuleManager: Shutting down and abandoning module AnimGraph (347)
[2017.05.30-09.23.18:216][554]LogModuleManager: Shutting down and abandoning module Kismet (344)
[2017.05.30-09.23.18:217][554]LogModuleManager: Shutting down and abandoning module GraphEditor (342)
[2017.05.30-09.23.18:217][554]LogModuleManager: Shutting down and abandoning module ClassViewer (340)
[2017.05.30-09.23.18:217][554]LogModuleManager: Shutting down and abandoning module Toolbox (338)
[2017.05.30-09.23.18:217][554]LogModuleManager: Shutting down and abandoning module ModuleUI (336)
[2017.05.30-09.23.18:217][554]LogModuleManager: Shutting down and abandoning module MovieSceneTools (334)
[2017.05.30-09.23.18:217][554]LogModuleManager: Shutting down and abandoning module OutputLog (332)
[2017.05.30-09.23.18:217][554]LogModuleManager: Shutting down and abandoning module GammaUI (330)
[2017.05.30-09.23.18:217][554]LogModuleManager: Shutting down and abandoning module Documentation (328)
[2017.05.30-09.23.18:217][554]LogModuleManager: Shutting down and abandoning module Niagara (326)
[2017.05.30-09.23.18:217][554]LogModuleManager: Shutting down and abandoning module StreamingPauseRendering (324)
[2017.05.30-09.23.18:217][554]LogModuleManager: Shutting down and abandoning module AnalyticsET (322)
[2017.05.30-09.23.18:217][554]LogModuleManager: Shutting down and abandoning module PortalServices (320)
[2017.05.30-09.23.18:217][554]LogModuleManager: Shutting down and abandoning module PortalRpc (318)
[2017.05.30-09.23.18:217][554]LogModuleManager: Shutting down and abandoning module MessagingRpc (316)
[2017.05.30-09.23.18:217][554]LogModuleManager: Shutting down and abandoning module AIModule (314)
[2017.05.30-09.23.18:218][554]LogModuleManager: Shutting down and abandoning module GameplayDebugger (313)
[2017.05.30-09.23.18:218][554]LogModuleManager: Shutting down and abandoning module AITestSuite (311)
[2017.05.30-09.23.18:218][554]LogModuleManager: Shutting down and abandoning module ProfilerService (308)
[2017.05.30-09.23.18:233][554]LogModuleManager: Shutting down and abandoning module TaskGraph (306)
[2017.05.30-09.23.18:233][554]LogModuleManager: Shutting down and abandoning module SteamVRController (304)
[2017.05.30-09.23.18:233][554]LogModuleManager: Shutting down and abandoning module SteamVR (302)
[2017.05.30-09.23.18:234][554]LogModuleManager: Shutting down and abandoning module ProceduralMeshComponentEditor (300)
[2017.05.30-09.23.18:234][554]LogModuleManager: Shutting down and abandoning module ProceduralMeshComponent (298)
[2017.05.30-09.23.18:234][554]LogModuleManager: Shutting down and abandoning module OculusLibrary (296)
[2017.05.30-09.23.18:234][554]LogModuleManager: Shutting down and abandoning module OculusInput (294)
[2017.05.30-09.23.18:234][554]LogModuleManager: Shutting down and abandoning module MobilePatchingUtils (292)
[2017.05.30-09.23.18:234][554]LogModuleManager: Shutting down and abandoning module CustomMeshComponent (290)
[2017.05.30-09.23.18:234][554]LogModuleManager: Shutting down and abandoning module CableComponent (288)
[2017.05.30-09.23.18:234][554]LogModuleManager: Shutting down and abandoning module ArchVisCharacter (286)
[2017.05.30-09.23.18:234][554]LogModuleManager: Shutting down and abandoning module MediaPlayerEditor (282)
[2017.05.30-09.23.18:234][554]LogModuleManager: Shutting down and abandoning module HTML5Networking (280)
[2017.05.30-09.23.18:234][554]LogModuleManager: Shutting down and abandoning module AlembicImporter (278)
[2017.05.30-09.23.18:234][554]LogModuleManager: Shutting down and abandoning module AlembicLibrary (277)
[2017.05.30-09.23.18:234][554]LogModuleManager: Shutting down and abandoning module GeometryCache (276)
[2017.05.30-09.23.18:234][554]LogModuleManager: Shutting down and abandoning module GeometryCacheEd (275)
[2017.05.30-09.23.18:234][554]LogModuleManager: Shutting down and abandoning module SuperSearchEditor (270)
[2017.05.30-09.23.18:234][554]LogModuleManager: Shutting down and abandoning module SuperSearch (269)
[2017.05.30-09.23.18:234][554]LogModuleManager: Shutting down and abandoning module SpeedTreeImporter (266)
[2017.05.30-09.23.18:234][554]LogModuleManager: Shutting down and abandoning module PluginBrowser (264)
[2017.05.30-09.23.18:234][554]LogModuleManager: Shutting down and abandoning module MobileLauncherProfileWizard (262)
[2017.05.30-09.23.18:234][554]LogModuleManager: Shutting down and abandoning module EpicSurvey (260)
[2017.05.30-09.23.18:234][554]LogModuleManager: Shutting down and abandoning module VisualStudioSourceCodeAccess (258)
[2017.05.30-09.23.18:234][554]LogModuleManager: Shutting down and abandoning module DesktopPlatform (257)
[2017.05.30-09.23.18:234][554]LogModuleManager: Shutting down and abandoning module UObjectPlugin (254)
[2017.05.30-09.23.18:234][554]LogModuleManager: Shutting down and abandoning module SubversionSourceControl (252)
[2017.05.30-09.23.18:234][554]LogModuleManager: Shutting down and abandoning module PerforceSourceControl (250)
[2017.05.30-09.23.18:234][554]LogModuleManager: Shutting down and abandoning module GitSourceControl (248)
[2017.05.30-09.23.18:234][554]LogModuleManager: Shutting down and abandoning module SourceControl (247)
[2017.05.30-09.23.18:234][554]LogModuleManager: Shutting down and abandoning module LightPropagationVolumeEditor (244)
[2017.05.30-09.23.18:235][554]LogModuleManager: Shutting down and abandoning module PaperTiledImporter (242)
[2017.05.30-09.23.18:235][554]LogModuleManager: Shutting down and abandoning module PaperSpriteSheetImporter (240)
[2017.05.30-09.23.18:235][554]LogModuleManager: Shutting down and abandoning module Paper2DEditor (238)
[2017.05.30-09.23.18:235][554]LogModuleManager: Shutting down and abandoning module MeshPaint (237)
[2017.05.30-09.23.18:235][554]LogModuleManager: Shutting down and abandoning module LevelEditor (235)
[2017.05.30-09.23.18:236][554]LogModuleManager: Shutting down and abandoning module PixelInspectorModule (234)
[2017.05.30-09.23.18:236][554]LogModuleManager: Shutting down and abandoning module MainFrame (232)
[2017.05.30-09.23.18:236][554]LogModuleManager: Shutting down and abandoning module HotReload (231)
[2017.05.30-09.23.18:238][554]LogModuleManager: Shutting down and abandoning module ContentBrowser (227)
[2017.05.30-09.23.18:240][554]LogModuleManager: Shutting down and abandoning module King_of_the_Castle (224)
[2017.05.30-09.23.18:240][554]LogModuleManager: Shutting down and abandoning module PhysXVehiclesEditor (222)
[2017.05.30-09.23.18:240][554]LogModuleManager: Shutting down and abandoning module PhysXVehicles (220)
[2017.05.30-09.23.18:240][554]LogModuleManager: Shutting down and abandoning module LocationServicesBPLibrary (218)
[2017.05.30-09.23.18:240][554]LogModuleManager: Shutting down and abandoning module UdpMessaging (216)
[2017.05.30-09.23.18:340][554]LogModuleManager: Shutting down and abandoning module TcpMessaging (214)
[2017.05.30-09.23.18:728][554]LogModuleManager: Shutting down and abandoning module GameplayTagsEditor (212)
[2017.05.30-09.23.18:728][554]LogModuleManager: Shutting down and abandoning module FacialAnimationEditor (210)
[2017.05.30-09.23.18:728][554]LogModuleManager: Shutting down and abandoning module FacialAnimation (208)
[2017.05.30-09.23.18:729][554]LogModuleManager: Shutting down and abandoning module LightPropagationVolumeRuntime (206)
[2017.05.30-09.23.18:729][554]LogModuleManager: Shutting down and abandoning module Paper2D (204)
[2017.05.30-09.23.18:729][554]LogModuleManager: Shutting down and abandoning module WindowsMoviePlayer (202)
[2017.05.30-09.23.18:729][554]LogModuleManager: Shutting down and abandoning module WmfMedia (200)
[2017.05.30-09.23.18:729][554]LogModuleManager: Shutting down and abandoning module MfMedia (198)
[2017.05.30-09.23.18:729][554]LogModuleManager: Shutting down and abandoning module MediaAssets (196)
[2017.05.30-09.23.18:729][554]LogModuleManager: Shutting down and abandoning module GameLiveStreaming (194)
[2017.05.30-09.23.18:730][554]LogModuleManager: Shutting down and abandoning module VREditor (192)
[2017.05.30-09.23.18:730][554]LogModuleManager: Shutting down and abandoning module GameplayTasksEditor (190)
[2017.05.30-09.23.18:730][554]LogModuleManager: Shutting down and abandoning module BehaviorTreeEditor (188)
[2017.05.30-09.23.18:730][554]LogModuleManager: Shutting down and abandoning module FunctionalTesting (186)
[2017.05.30-09.23.18:730][554]LogModuleManager: Shutting down and abandoning module CollisionAnalyzer (184)
[2017.05.30-09.23.18:730][554]LogModuleManager: Shutting down and abandoning module UMG (182)
[2017.05.30-09.23.18:730][554]LogModuleManager: Shutting down and abandoning module UMGEditor (181)
[2017.05.30-09.23.18:730][554]LogModuleManager: Shutting down and abandoning module Sequencer (180)
[2017.05.30-09.23.18:730][554]LogModuleManager: Shutting down and abandoning module AssetTools (178)
[2017.05.30-09.23.18:730][554]LogModuleManager: Shutting down and abandoning module MessageLog (177)
[2017.05.30-09.23.18:730][554]LogModuleManager: Shutting down and abandoning module WorkspaceMenuStructure (176)
[2017.05.30-09.23.18:730][554]LogModuleManager: Shutting down and abandoning module SlateReflector (170)
[2017.05.30-09.23.18:730][554]LogModuleManager: Shutting down and abandoning module Slate (168)
[2017.05.30-09.23.18:730][554]LogModuleManager: Shutting down and abandoning module EditorStyle (166)
[2017.05.30-09.23.18:736][554]LogModuleManager: Shutting down and abandoning module SourceCodeAccess (164)
[2017.05.30-09.23.18:736][554]LogModuleManager: Shutting down and abandoning module HeadMountedDisplay (162)
[2017.05.30-09.23.18:736][554]LogModuleManager: Shutting down and abandoning module XAudio2 (160)
[2017.05.30-09.23.18:736][554]LogModuleManager: Shutting down and abandoning module Networking (158)
[2017.05.30-09.23.18:736][554]LogModuleManager: Shutting down and abandoning module Core (154)
[2017.05.30-09.23.18:736][554]LogModuleManager: Shutting down and abandoning module AssetRegistry (152)
[2017.05.30-09.23.19:140][554]LogDirectoryWatcher: A directory notification for '../../../Engine/Content/' was aborted.
[2017.05.30-09.23.19:140][554]LogDirectoryWatcher: A directory notification for '../../../Engine/Plugins/2D/Paper2D/Content/' was aborted.
[2017.05.30-09.23.19:141][554]LogModuleManager: Shutting down and abandoning module DirectoryWatcher (151)
[2017.05.30-09.23.19:142][554]LogModuleManager: Shutting down and abandoning module KismetCompiler (148)
[2017.05.30-09.23.19:142][554]LogModuleManager: Shutting down and abandoning module PhysXFormats (146)
[2017.05.30-09.23.19:142][554]LogModuleManager: Shutting down and abandoning module MeshUtilities (144)
[2017.05.30-09.23.19:142][554]LogModuleManager: Shutting down and abandoning module SimplygonSwarm (143)
[2017.05.30-09.23.19:142][554]LogModuleManager: Shutting down and abandoning module SimplygonMeshReduction (141)
[2017.05.30-09.23.19:142][554]LogModuleManager: Shutting down and abandoning module QuadricMeshReduction (139)
[2017.05.30-09.23.19:142][554]LogModuleManager: Shutting down and abandoning module PropertyEditor (137)
[2017.05.30-09.23.19:142][554]LogModuleManager: Shutting down and abandoning module DerivedDataCache (134)
[2017.05.30-09.23.19:163][554]LogDerivedDataCache: Shutdown
[2017.05.30-09.23.19:163][554]LogModuleManager: Shutting down and abandoning module TargetPlatform (132)
[2017.05.30-09.23.19:163][554]LogModuleManager: Shutting down and abandoning module VulkanShaderFormat (131)
[2017.05.30-09.23.19:163][554]LogModuleManager: Shutting down and abandoning module ShaderFormatOpenGL (129)
[2017.05.30-09.23.19:163][554]LogModuleManager: Shutting down and abandoning module ShaderFormatD3D (127)
[2017.05.30-09.23.19:163][554]LogModuleManager: Shutting down and abandoning module MetalShaderFormat (125)
[2017.05.30-09.23.19:163][554]LogModuleManager: Shutting down and abandoning module TextureFormatUncompressed (123)
[2017.05.30-09.23.19:163][554]LogModuleManager: Shutting down and abandoning module TextureFormatPVR (121)
[2017.05.30-09.23.19:163][554]LogModuleManager: Shutting down and abandoning module TextureFormatDXT (119)
[2017.05.30-09.23.19:163][554]LogModuleManager: Shutting down and abandoning module TextureFormatIntelISPCTexComp (117)
[2017.05.30-09.23.19:164][554]LogModuleManager: Shutting down and abandoning module TextureFormatASTC (115)
[2017.05.30-09.23.19:164][554]LogModuleManager: Shutting down and abandoning module ImageWrapper (114)
[2017.05.30-09.23.19:164][554]LogModuleManager: Shutting down and abandoning module TextureFormatAndroid (111)
[2017.05.30-09.23.19:164][554]LogModuleManager: Shutting down and abandoning module AudioFormatOpus (109)
[2017.05.30-09.23.19:164][554]LogModuleManager: Shutting down and abandoning module AudioFormatOgg (107)
[2017.05.30-09.23.19:164][554]LogModuleManager: Shutting down and abandoning module AudioFormatADPCM (105)
[2017.05.30-09.23.19:164][554]LogModuleManager: Shutting down and abandoning module LinuxTargetPlatform (103)
[2017.05.30-09.23.19:164][554]LogModuleManager: Shutting down and abandoning module LinuxServerTargetPlatform (101)
[2017.05.30-09.23.19:164][554]LogModuleManager: Shutting down and abandoning module LinuxNoEditorTargetPlatform (99)
[2017.05.30-09.23.19:164][554]LogModuleManager: Shutting down and abandoning module LinuxClientTargetPlatform (97)
[2017.05.30-09.23.19:164][554]LogModuleManager: Shutting down and abandoning module TVOSTargetPlatform (95)
[2017.05.30-09.23.19:164][554]LogModuleManager: Shutting down and abandoning module Messaging (93)
[2017.05.30-09.23.19:164][554]LogModuleManager: Shutting down and abandoning module IOSTargetPlatform (91)
[2017.05.30-09.23.19:164][554]LogModuleManager: Shutting down and abandoning module HTML5TargetPlatform (89)
[2017.05.30-09.23.19:164][554]LogModuleManager: Shutting down and abandoning module Android_PVRTCTargetPlatform (87)
[2017.05.30-09.23.19:164][554]LogModuleManager: Shutting down and abandoning module Android_MultiTargetPlatform (85)
[2017.05.30-09.23.19:164][554]LogModuleManager: Shutting down and abandoning module Android_ETC2TargetPlatform (83)
[2017.05.30-09.23.19:164][554]LogModuleManager: Shutting down and abandoning module Android_ETC1TargetPlatform (81)
[2017.05.30-09.23.19:164][554]LogModuleManager: Shutting down and abandoning module Android_DXTTargetPlatform (79)
[2017.05.30-09.23.19:164][554]LogModuleManager: Shutting down and abandoning module Android_ATCTargetPlatform (77)
[2017.05.30-09.23.19:164][554]LogModuleManager: Shutting down and abandoning module Android_ASTCTargetPlatform (75)
[2017.05.30-09.23.19:164][554]LogModuleManager: Shutting down and abandoning module AndroidTargetPlatform (73)
[2017.05.30-09.23.19:164][554]LogModuleManager: Shutting down and abandoning module WindowsTargetPlatform (71)
[2017.05.30-09.23.19:164][554]LogModuleManager: Shutting down and abandoning module WindowsServerTargetPlatform (69)
[2017.05.30-09.23.19:164][554]LogModuleManager: Shutting down and abandoning module WindowsNoEditorTargetPlatform (67)
[2017.05.30-09.23.19:164][554]LogModuleManager: Shutting down and abandoning module WindowsClientTargetPlatform (65)
[2017.05.30-09.23.19:164][554]LogModuleManager: Shutting down and abandoning module MacTargetPlatform (63)
[2017.05.30-09.23.19:164][554]LogModuleManager: Shutting down and abandoning module MacServerTargetPlatform (61)
[2017.05.30-09.23.19:164][554]LogModuleManager: Shutting down and abandoning module MacNoEditorTargetPlatform (59)
[2017.05.30-09.23.19:164][554]LogModuleManager: Shutting down and abandoning module MacClientTargetPlatform (57)
[2017.05.30-09.23.19:164][554]LogModuleManager: Shutting down and abandoning module AllDesktopTargetPlatform (55)
[2017.05.30-09.23.19:164][554]LogModuleManager: Shutting down and abandoning module InputCore (52)
[2017.05.30-09.23.19:164][554]LogModuleManager: Shutting down and abandoning module Settings (50)
[2017.05.30-09.23.19:164][554]LogModuleManager: Shutting down and abandoning module OculusRift (48)
[2017.05.30-09.23.19:165][554]LogModuleManager: Shutting down and abandoning module GearVR (46)
[2017.05.30-09.23.19:165][554]LogModuleManager: Shutting down and abandoning module ExampleDeviceProfileSelector (44)
[2017.05.30-09.23.19:165][554]LogModuleManager: Shutting down and abandoning module OnlineBlueprintSupport (42)
[2017.05.30-09.23.19:165][554]LogModuleManager: Shutting down and abandoning module OnlineSubsystem (38)
[2017.05.30-09.23.19:165][554]LogOnline:Display: Unloading online subsystem: NULL
[2017.05.30-09.23.19:165][554]LogModuleManager: Shutting down and abandoning module XMPP (37)
[2017.05.30-09.23.19:165][554]LogModuleManager: Shutting down and abandoning module HTTP (35)
[2017.05.30-09.23.19:165][554]LogHttp:Display: Http module shutting down, but needs to wait on 1 outstanding Http requests:
[2017.05.30-09.23.19:165][554]LogHttp:Display: 	verb=[POST] url=[https://datarouter.ol.epicgames.com/datarouter/api/v1/public/data?SessionID=%7BE7B35213-4092-23AD-97B7-D8974E43D8CE%7D&AppID=UEEditor.Rocket.Release&AppVersion=4.15.3-3450819%2B%2B%2BUE4%2BRelease-4.15&UserID=41b7880c484dde1b9b00a5a7a3955819%7Ca28ed7bb891b4c69ab08de861efb198c%7C85eb8cc2-cebc-4f8d-8259-788a80d4f1a0&AppEnvironment=datacollector-binary&UploadType=eteventstream] status=Processing
[2017.05.30-09.23.19:187][554]LogModuleManager: Shutting down and abandoning module SSL (34)
[2017.05.30-09.23.19:190][554]LogModuleManager: Shutting down and abandoning module AudioEditor (30)
[2017.05.30-09.23.19:190][554]LogModuleManager: Shutting down and abandoning module TextureCompressor (28)
[2017.05.30-09.23.19:190][554]LogModuleManager: Shutting down and abandoning module ShaderCore (26)
[2017.05.30-09.23.19:190][554]LogModuleManager: Shutting down and abandoning module Landscape (24)
[2017.05.30-09.23.19:190][554]LogModuleManager: Shutting down and abandoning module SlateRHIRenderer (22)
[2017.05.30-09.23.19:192][554]LogModuleManager: Shutting down and abandoning module OpenGLDrv (20)
[2017.05.30-09.23.19:192][554]LogModuleManager: Shutting down and abandoning module D3D11RHI (18)
[2017.05.30-09.23.19:192][554]LogModuleManager: Shutting down and abandoning module AnimGraphRuntime (16)
[2017.05.30-09.23.19:192][554]LogModuleManager: Shutting down and abandoning module Renderer (14)
[2017.05.30-09.23.19:192][554]LogModuleManager: Shutting down and abandoning module Engine (12)
[2017.05.30-09.23.19:192][554]LogModuleManager: Shutting down and abandoning module CoreUObject (10)
[2017.05.30-09.23.19:192][554]LogModuleManager: Shutting down and abandoning module NetworkFile (8)
[2017.05.30-09.23.19:192][554]LogModuleManager: Shutting down and abandoning module StreamingFile (6)
[2017.05.30-09.23.19:192][554]LogModuleManager: Shutting down and abandoning module SandboxFile (4)
[2017.05.30-09.23.19:192][554]LogModuleManager: Shutting down and abandoning module PakFile (2)
[2017.05.30-09.23.19:195][554]LogExit: Exiting.
[2017.05.30-09.23.19:216][554]Log file closed, 05/30/17 10:23:19
