Log file open, 05/30/17 10:11:43
LogInit:Display: Running engine for game: King_of_the_Castle
LogPlatformFile: Not using cached read wrapper
LogInit:Display: RandInit(-2122294530) SRandInit(-2122294530).
LogTaskGraph: Started task graph with 5 named threads and 8 total threads with 1 sets of task threads.
LogStats: Stats thread started at 0.079111
LogInit: Using libcurl 7.47.1
LogInit:  - built for x86_64-pc-win32
LogInit:  - supports SSL with OpenSSL/1.0.2g
LogInit:  - supports HTTP deflate (compression) using libz 1.2.8
LogInit:  - other features:
LogInit:      CURL_VERSION_SSL
LogInit:      CURL_VERSION_LIBZ
LogInit:      CURL_VERSION_IPV6
LogInit:      CURL_VERSION_ASYNCHDNS
LogInit:      CURL_VERSION_LARGEFILE
LogInit:      CURL_VERSION_IDN
LogInit:  CurlRequestOptions (configurable via config and command line):
LogInit:  - bVerifyPeer = false  - Libcurl will NOT verify peer certificate
LogInit:  - bUseHttpProxy = false  - Libcurl will NOT use HTTP proxy
LogInit:  - bDontReuseConnections = false  - Libcurl will reuse connections
LogInit:  - CertBundlePath = nullptr  - Libcurl will use whatever was configured at build time.
LogHMD: Can't find Oculus library dev build: is proper Runtime installed? Version: 1.10.0
LogHMD: GearVR: Emulating GearVR using Oculus Rift!
LogInit: Build: ++UE4+Release-4.15-CL-3450819
LogInit: Engine Version: 4.15.3-3450819+++UE4+Release-4.15
LogInit: Compatible Engine Version: 4.15.0-3299760+++UE4+Release-4.15
LogInit: Net CL: 3299760
LogDevObjectVersion: Number of dev versions registered: 14
LogDevObjectVersion:   Dev-Blueprints (B0D832E4-1F89-4F0D-ACCF-7EB736FD4AA2): 8
LogDevObjectVersion:   Dev-Build (E1C64328-A22C-4D53-A36C-8E866417BD8C): 0
LogDevObjectVersion:   Dev-Core (375EC13C-06E4-48FB-B500-84F0262A717E): 2
LogDevObjectVersion:   Dev-Editor (E4B068ED-F494-42E9-A231-DA0B2E46BB41): 14
LogDevObjectVersion:   Dev-Framework (CFFC743F-43B0-4480-9391-14DF171D2073): 22
LogDevObjectVersion:   Dev-Mobile (B02B49B5-BB20-44E9-A304-32B752E40360): 0
LogDevObjectVersion:   Dev-Networking (A4E4105C-59A1-49B5-A7C5-40C4547EDFEE): 0
LogDevObjectVersion:   Dev-Online (39C831C9-5AE6-47DC-9A44-9C173E1C8E7C): 0
LogDevObjectVersion:   Dev-Physics (78F01B33-EBEA-4F98-B9B4-84EACCB95AA2): 0
LogDevObjectVersion:   Dev-Platform (6631380F-2D4D-43E0-8009-CF276956A95A): 0
LogDevObjectVersion:   Dev-Rendering (12F88B9F-8875-4AFC-A67C-D90C383ABD29): 12
LogDevObjectVersion:   Dev-Sequencer (7B5AE74C-D270-4C10-A958-57980B212A5A): 3
LogDevObjectVersion:   Dev-VR (D7296918-1DD6-4BDD-9DE2-64A83CC13884): 0
LogDevObjectVersion:   Dev-LoadTimes (C2A15278-BFE7-4AFE-6C17-90FF531DF755): 1
LogInit: Compiled (64-bit): May 21 2017 11:02:34
LogInit: Compiled with Visual C++: 19.00.23026.00
LogInit: Build Configuration: Development
LogInit: Branch Name: ++UE4+Release-4.15
LogInit: Command line: -EpicPortal 
LogInit: Base directory: C:/Program Files/Epic Games/UE_4.15/Engine/Binaries/Win64/
LogInit: Installed Engine Build: 1
LogInit: Presizing for max 8388607 objects, including 0 objects not considered by GC, pre-allocating 0 bytes for permanent pool.
LogInit: Object subsystem initialized
[2017.05.30-09.11.45:003][  0]LogInit: Selected Device Profile: [Windows]
[2017.05.30-09.11.45:003][  0]LogInit: Applying CVar settings loaded from the selected device profile: [Windows]
[2017.05.30-09.11.45:028][  0]LogInit: Computer: MC10688
[2017.05.30-09.11.45:028][  0]LogInit: User: 1204915
[2017.05.30-09.11.45:028][  0]LogInit: CPU Page size=65536, Cores=4
[2017.05.30-09.11.45:028][  0]LogInit: High frequency timer resolution =3.118066 MHz
[2017.05.30-09.11.45:028][  0]LogMemory: Memory total: Physical=7.9GB (8GB approx)
[2017.05.30-09.11.45:028][  0]LogMemory: Platform Memory Stats for Windows
[2017.05.30-09.11.45:028][  0]LogMemory: Process Physical Memory: 263.62 MB used, 263.62 MB peak
[2017.05.30-09.11.45:028][  0]LogMemory: Process Virtual Memory: 264.32 MB used, 264.32 MB peak
[2017.05.30-09.11.45:028][  0]LogMemory: Physical Memory: 2542.15 MB used,  5524.80 MB free, 8066.95 MB total
[2017.05.30-09.11.45:028][  0]LogMemory: Virtual Memory: 632.09 MB used,  5524.80 MB free, 8388608.00 MB total
[2017.05.30-09.11.45:141][  0]LogTextLocalizationManager: No specific translations for ('en-GB') exist, so ('en') translations will be used.
[2017.05.30-09.11.46:501][  0]LogD3D11RHI: D3D11 adapters:
[2017.05.30-09.11.46:517][  0]LogD3D11RHI:    0. 'NVIDIA GeForce GTX 750 Ti' (Feature Level 11_0)
[2017.05.30-09.11.46:517][  0]LogD3D11RHI:       1993/0/2048 MB DedicatedVideo/DedicatedSystem/SharedSystem, Outputs:1, VendorId:0x10de
[2017.05.30-09.11.46:522][  0]LogD3D11RHI:    1. 'Intel(R) HD Graphics' (Feature Level 11_0)
[2017.05.30-09.11.46:522][  0]LogD3D11RHI:       64/0/1632 MB DedicatedVideo/DedicatedSystem/SharedSystem, Outputs:0, VendorId:0x8086
[2017.05.30-09.11.46:522][  0]LogD3D11RHI: Chosen D3D11 Adapter: 0
[2017.05.30-09.11.46:527][  0]LogD3D11RHI: Creating new Direct3DDevice
[2017.05.30-09.11.46:527][  0]LogD3D11RHI:     GPU DeviceId: 0x1380 (for the marketing name, search the web for "GPU Device Id")
[2017.05.30-09.11.46:527][  0]LogWindows: EnumDisplayDevices:
[2017.05.30-09.11.46:527][  0]LogWindows:    0. 'NVIDIA GeForce GTX 750 Ti' (P:1 D:1)
[2017.05.30-09.11.46:527][  0]LogWindows:    1. 'NVIDIA GeForce GTX 750 Ti' (P:0 D:0)
[2017.05.30-09.11.46:527][  0]LogWindows:    2. 'NVIDIA GeForce GTX 750 Ti' (P:0 D:0)
[2017.05.30-09.11.46:528][  0]LogWindows:    3. 'Intel(R) HD Graphics' (P:0 D:0)
[2017.05.30-09.11.46:528][  0]LogWindows:    4. 'Intel(R) HD Graphics' (P:0 D:0)
[2017.05.30-09.11.46:528][  0]LogWindows:    5. 'Intel(R) HD Graphics' (P:0 D:0)
[2017.05.30-09.11.46:528][  0]LogWindows:    6. 'RDPDD Chained DD' (P:0 D:0)
[2017.05.30-09.11.46:528][  0]LogWindows:    7. 'RDP Encoder Mirror Driver' (P:0 D:0)
[2017.05.30-09.11.46:529][  0]LogWindows:    8. 'RDP Reflector Display Driver' (P:0 D:0)
[2017.05.30-09.11.46:529][  0]LogWindows: DebugString: PrimaryIsNotTheChoosenAdapter PrimaryIsNotTheChoosenAdapter PrimaryIsNotTheChoosenAdapter GetVideoDriverDetailsInvalid PrimaryIsNotTheChoosenAdapter GetVideoDriverDetailsInvalid PrimaryIsNotTheChoosenAdapter GetVideoDriverDetailsInvalid PrimaryIsNotTheChoosenAdapter FoundDriverCount:3 
[2017.05.30-09.11.46:529][  0]LogD3D11RHI:     Adapter Name: NVIDIA GeForce GTX 750 Ti
[2017.05.30-09.11.46:529][  0]LogD3D11RHI:   Driver Version: 355.82 (internal:10.18.13.5582, unified:355.82)
[2017.05.30-09.11.46:529][  0]LogD3D11RHI:      Driver Date: 8-25-2015
[2017.05.30-09.11.46:529][  0]LogRHI: Texture pool is 1361 MB (70% of 1945 MB)
[2017.05.30-09.11.46:538][  0]LogD3D11RHI: NvAPI_D3D_GetCurrentSLIState failed: 0xfffffff7
[2017.05.30-09.11.46:538][  0]LogD3D11RHI: Async texture creation enabled
[2017.05.30-09.11.46:552][  0]LogD3D11RHI: GPU Timing Frequency: 1000.000000 (Debug: 2 2)
[2017.05.30-09.11.46:554][  0]LogShaderCompilers: Guid format shader working directory is 4 characters bigger than the processId version (M:/Git/King-of-the-Castle/King_of_the_Castle/Intermediate/Shaders/WorkingDirectory/4252/).
[2017.05.30-09.11.46:554][  0]LogShaderCompilers: Cleaned the shader compiler working directory 'C:/Users/1204915/AppData/Local/Temp/UnrealShaderWorkingDir/800961FC465CE314E44F62AACD942B73/'.
[2017.05.30-09.11.46:554][  0]LogShaderCompilers:Display: Using Local Shader Compiler.
[2017.05.30-09.11.47:865][  0]LogTemp:Display: Loaded TP AllDesktopTargetPlatform
[2017.05.30-09.11.47:940][  0]LogTemp:Display: Loaded TP MacClientTargetPlatform
[2017.05.30-09.11.48:014][  0]LogTemp:Display: Loaded TP MacNoEditorTargetPlatform
[2017.05.30-09.11.48:089][  0]LogTemp:Display: Loaded TP MacServerTargetPlatform
[2017.05.30-09.11.48:164][  0]LogTemp:Display: Loaded TP MacTargetPlatform
[2017.05.30-09.11.48:238][  0]LogTemp:Display: Loaded TP WindowsClientTargetPlatform
[2017.05.30-09.11.48:313][  0]LogTemp:Display: Loaded TP WindowsNoEditorTargetPlatform
[2017.05.30-09.11.48:387][  0]LogTemp:Display: Loaded TP WindowsServerTargetPlatform
[2017.05.30-09.11.48:447][  0]LogTemp:Display: Loaded TP WindowsTargetPlatform
[2017.05.30-09.11.48:521][  0]LogTemp:Display: Loaded TP AndroidTargetPlatform
[2017.05.30-09.11.48:595][  0]LogTemp:Display: Loaded TP Android_ASTCTargetPlatform
[2017.05.30-09.11.48:668][  0]LogTemp:Display: Loaded TP Android_ATCTargetPlatform
[2017.05.30-09.11.48:741][  0]LogTemp:Display: Loaded TP Android_DXTTargetPlatform
[2017.05.30-09.11.48:814][  0]LogTemp:Display: Loaded TP Android_ETC1TargetPlatform
[2017.05.30-09.11.48:887][  0]LogTemp:Display: Loaded TP Android_ETC2TargetPlatform
[2017.05.30-09.11.49:035][  0]LogTemp:Display: Loaded TP Android_MultiTargetPlatform
[2017.05.30-09.11.49:035][  0]LogTemp:Display: Loaded TP Android_PVRTCTargetPlatform
[2017.05.30-09.11.49:152][  0]LogTemp:Display: Loaded TP HTML5TargetPlatform
[2017.05.30-09.11.49:283][  0]LogTemp:Display: Loaded TP IOSTargetPlatform
[2017.05.30-09.11.49:326][  0]LogTemp:Display: Loaded TP TVOSTargetPlatform
[2017.05.30-09.11.49:399][  0]LogTemp:Display: Loaded TP LinuxClientTargetPlatform
[2017.05.30-09.11.49:473][  0]LogTemp:Display: Loaded TP LinuxNoEditorTargetPlatform
[2017.05.30-09.11.49:546][  0]LogTemp:Display: Loaded TP LinuxServerTargetPlatform
[2017.05.30-09.11.49:620][  0]LogTemp:Display: Loaded TP LinuxTargetPlatform
[2017.05.30-09.11.49:620][  0]LogTargetPlatformManager:Display: Building Assets For Windows
[2017.05.30-09.11.50:137][  0]LogDerivedDataCache:Display: Max Cache Size: 512 MB
[2017.05.30-09.11.50:188][  0]LogDerivedDataCache: Loaded boot cache 0.05s 50MB C:/Users/1204915/AppData/Local/UnrealEngine/4.15/DerivedDataCache/Boot.ddc.
[2017.05.30-09.11.50:188][  0]LogDerivedDataCache:Display: Loaded Boot cache: C:/Users/1204915/AppData/Local/UnrealEngine/4.15/DerivedDataCache/Boot.ddc
[2017.05.30-09.11.50:189][  0]LogDerivedDataCache: FDerivedDataBackendGraph:  Pak pak cache file M:/Git/King-of-the-Castle/King_of_the_Castle/DerivedDataCache/DDC.ddp not found, will not use a pak cache.
[2017.05.30-09.11.50:189][  0]LogDerivedDataCache: Unable to find inner node Pak for hierarchical cache Hierarchy.
[2017.05.30-09.11.50:189][  0]LogDerivedDataCache: FDerivedDataBackendGraph:  CompressedPak pak cache file M:/Git/King-of-the-Castle/King_of_the_Castle/DerivedDataCache/Compressed.ddp not found, will not use a pak cache.
[2017.05.30-09.11.50:189][  0]LogDerivedDataCache: Unable to find inner node CompressedPak for hierarchical cache Hierarchy.
[2017.05.30-09.11.50:209][  0]LogDerivedDataCache:Display: Pak cache opened for reading ../../../Engine/DerivedDataCache/Compressed.ddp.
[2017.05.30-09.11.50:221][  0]LogDerivedDataCache: Using Local data cache path C:/Users/1204915/AppData/Local/UnrealEngine/Common/DerivedDataCache: Writable
[2017.05.30-09.11.50:231][  0]LogSlate: Using Freetype 2.6.0
[2017.05.30-09.11.50:232][  0]LogSlate: SlateFontCache - WITH_FREETYPE: 1, WITH_HARFBUZZ: 1
[2017.05.30-09.11.50:232][  0]LogSlate: SlateFontCache - WITH_FREETYPE: 1, WITH_HARFBUZZ: 1
[2017.05.30-09.11.50:665][  0]LogInit: Selected Device Profile: [Windows]
[2017.05.30-09.11.50:668][  0]LogContentStreaming: Texture pool size is 0.00 MB
[2017.05.30-09.11.50:939][  0]LogMeshUtilities: Using QuadricMeshReduction for automatic static mesh reduction
[2017.05.30-09.11.50:995][  0]LogSimplygon: Simplygon DLL not present - disabling.
[2017.05.30-09.11.51:056][  0]LogMeshUtilities: Using SimplygonSwarm for distributed automatic mesh merging
[2017.05.30-09.11.51:056][  0]LogMeshUtilities: No automatic skeletal mesh reduction module available
[2017.05.30-09.11.51:056][  0]LogMeshUtilities: No automatic mesh merging module available
[2017.05.30-09.11.51:659][  0]LogNetVersion: GetLocalNetworkVersion: CL: 3299760, ProjectName: king_of_the_castle, ProjectVersion: , EngineNetworkVersion: 2, GameNetworkVersion: 0, NetworkChecksum: 1498952889
[2017.05.30-09.11.51:704][  0]LogAssetRegistry: FAssetRegistry took 0.0202 seconds to start up
[2017.05.30-09.11.51:828][  0]LogPackageLocalizationCache: Processed 3 localized package path(s) for 2 prioritized culture(s) in 0.100582 seconds
[2017.05.30-09.11.51:834][  0]LogUObjectArray: 32493 objects as part of root set at end of initial load.
[2017.05.30-09.11.51:834][  0]LogUObjectAllocator: 7077024 out of 0 bytes used by permanent object pool.
[2017.05.30-09.11.51:834][  0]LogUObjectArray: CloseDisregardForGC: 0/0 objects in disregard for GC pool
[2017.05.30-09.11.51:903][  0]LogInit: WinSock: version 1.1 (2.2), MaxSocks=32767, MaxUdp=65467
[2017.05.30-09.11.54:288][  0]LogTcpMessaging: Initializing TcpMessaging bridge
[2017.05.30-09.11.54:356][  0]LogUdpMessaging: Initializing bridge on interface 0.0.0.0:0 to multicast group 230.0.0.1:6666.
[2017.05.30-09.11.54:357][  0]LogDirectoryWatcher: A directory notification failed for 'M:/Git/King-of-the-Castle/King_of_the_Castle/Content/' because it was empty or there was a buffer overflow. Attemping another request...
[2017.05.30-09.11.56:096][  0]LogMaterial: Uniform references updated for custom material expression Custom.
[2017.05.30-09.11.56:603][  0]SourceControl: Info Source control is disabled
[2017.05.30-09.11.56:617][  0]SourceControl: Info Source control is disabled
[2017.05.30-09.11.56:680][  0]SourceControl: Info Source control is disabled
[2017.05.30-09.11.56:740][  0]SourceControl: Info Source control is disabled
[2017.05.30-09.11.58:346][  0]LogEngine: Initializing Engine...
[2017.05.30-09.11.58:347][  0]LogHMD: Failed to initialize OpenVR with code 110
[2017.05.30-09.11.58:347][  0]LogHMD: GearVR starting with CPU: 2 GPU: 3 MinimumVsyncs: 1
[2017.05.30-09.12.01:348][  0]LogStats: UGameplayTagsManager::ConstructGameplayTagTree: Construct from data asset -  0.000 s
[2017.05.30-09.12.01:348][  0]LogStats: UGameplayTagsManager::ConstructGameplayTagTree: GameplayTagTreeChangedEvent.Broadcast -  0.000 s
[2017.05.30-09.12.01:510][  0]LogAIModule: Creating AISystem for world Untitled
[2017.05.30-09.12.01:523][  0]LogInit: XAudio2 using 'Speakers (Realtek High Definition Audio)' : 2 channels at 48 kHz using 32 bits per sample (channel mask 0x3)
[2017.05.30-09.12.01:588][  0]LogInit: FAudioDevice initialized.
[2017.05.30-09.12.01:618][  0]LogDerivedDataCache: Saved boot cache 0.03s 51MB C:/Users/1204915/AppData/Local/UnrealEngine/4.15/DerivedDataCache/Boot.ddc.
[2017.05.30-09.12.01:621][  0]LogInit: Texture streaming: Enabled
[2017.05.30-09.12.01:724][  0]LogEngineSessionManager: EngineSessionManager initialized
[2017.05.30-09.12.01:837][  0]LogInit: Transaction tracking system initialized
[2017.05.30-09.12.02:289][  0]BlueprintLog: New page: Editor Load
[2017.05.30-09.12.03:579][  0]LocalizationService: Info Localization service is disabled
[2017.05.30-09.12.04:507][  0]LogConsoleResponse:Display: 
[2017.05.30-09.12.04:782][  0]LogCook:Display: Max memory allowance for cook 16384mb min free memory 0mb
[2017.05.30-09.12.04:782][  0]LogCook:Display: Mobile HDR setting 1
[2017.05.30-09.12.06:048][  0]LogFileCache: Scanning file cache for directory 'M:/Git/King-of-the-Castle/King_of_the_Castle/Content/' took 0.05s
[2017.05.30-09.12.06:107][  0]SourceControl: Info Source control is disabled
[2017.05.30-09.12.06:107][  0]Cmd: MAP LOAD FILE="M:/Git/King-of-the-Castle/King_of_the_Castle/Content/ThirdPersonCPP/Maps/ThirdPersonExampleMap.umap" TEMPLATE=0 SHOWPROGRESS=1 FEATURELEVEL=3
[2017.05.30-09.12.06:111][  0]LightingResults: New page: Lighting Build
[2017.05.30-09.12.06:165][  0]MapCheck: New page: Map Check
[2017.05.30-09.12.06:165][  0]LightingResults: New page: Lighting Build
[2017.05.30-09.12.07:058][  0]LogTexture:Display: Building textures: HQ_Lightmap0_1 (AutoDXT, 1024X1024) - 54 MB total VRAM
[2017.05.30-09.12.07:610][  0]LogTexture:Display: Building textures: HQ_Lightmap0_2 (AutoDXT, 512X512) - 54 MB total VRAM
[2017.05.30-09.12.07:767][  0]LogTexture:Display: Building textures: HQ_Lightmap0_3 (AutoDXT, 64X64) - 54 MB total VRAM
[2017.05.30-09.12.07:789][  0]LogTexture:Display: Building textures: LQ_Lightmap_0_1 (DXT1, 1024X1024) - 54 MB total VRAM
[2017.05.30-09.12.07:941][  0]LogTexture:Display: Building textures: LQ_Lightmap_0_2 (DXT1, 512X512) - 54 MB total VRAM
[2017.05.30-09.12.07:996][  0]LogTexture:Display: Building textures: LQ_Lightmap_0_3 (DXT1, 64X64) - 54 MB total VRAM
[2017.05.30-09.12.08:009][  0]LogTexture:Display: Building textures: SkyOcclusion0_1 (AutoDXT, 1024X512) - 54 MB total VRAM
[2017.05.30-09.12.08:266][  0]LogTexture:Display: Building textures: SkyOcclusion0_2 (AutoDXT, 512X256) - 54 MB total VRAM
[2017.05.30-09.12.08:327][  0]LogTexture:Display: Building textures: SkyOcclusion0_3 (AutoDXT, 64X32) - 54 MB total VRAM
[2017.05.30-09.12.08:335][  0]LogTexture:Display: Building textures: ShadowMapTexture2D_0 (G8, 2048X1024) - 54 MB total VRAM
[2017.05.30-09.12.08:416][  0]LogTexture:Display: Building textures: ShadowMapTexture2D_1 (G8, 64X32) - 54 MB total VRAM
[2017.05.30-09.12.08:435][  0]LogAIModule: Creating AISystem for world ThirdPersonExampleMap
[2017.05.30-09.12.08:890][  0]LogEditorServer: Finished looking for orphan Actors (0.000 secs)
[2017.05.30-09.12.08:922][  0]Cmd: MAP CHECKDEP NOCLEARLOG
[2017.05.30-09.12.08:997][  0]MapCheck: Info Map check complete: 0 Error(s), 0 Warning(s), took 74.571ms to complete.
[2017.05.30-09.12.08:997][  0]LogFileHelpers: Loading map 'ThirdPersonExampleMap' took 2.890
[2017.05.30-09.12.10:270][  0]LogCollectionManager: Loaded 0 collections in 0.002662 seconds
[2017.05.30-09.12.10:568][  0]LogFileCache: Scanning file cache for directory 'M:/Git/King-of-the-Castle/King_of_the_Castle/Saved/Collections/' took 0.01s
[2017.05.30-09.12.10:568][  0]LogFileCache: Scanning file cache for directory 'M:/Git/King-of-the-Castle/King_of_the_Castle/Content/Developers/1204915/Collections/' took 0.01s
[2017.05.30-09.12.10:568][  0]LogFileCache: Scanning file cache for directory 'M:/Git/King-of-the-Castle/King_of_the_Castle/Content/Collections/' took 0.01s
[2017.05.30-09.12.10:568][  0]LogCollectionManager: Rebuilt the GUID cache for 0 collections in 0.000003 seconds
[2017.05.30-09.12.10:613][  0]LogContentBrowser: Native class hierarchy populated in 0.0428 seconds. Added 2247 classes and 455 folders.
[2017.05.30-09.12.10:814][  0]LogContentBrowser: Native class hierarchy updated for 'WidgetCarousel' in 0.0039 seconds. Added 0 classes and 0 folders.
[2017.05.30-09.12.10:886][  0]LogContentBrowser: Native class hierarchy updated for 'AddContentDialog' in 0.0039 seconds. Added 0 classes and 0 folders.
[2017.05.30-09.12.11:119][  0]LogContentBrowser: Native class hierarchy updated for 'SceneOutliner' in 0.0084 seconds. Added 1 classes and 2 folders.
[2017.05.30-09.12.12:291][  0]LogCrashTracker: Crashtracker disabled due to settings.
[2017.05.30-09.12.12:491][  0]LogContentBrowser: Native class hierarchy updated for 'HierarchicalLODOutliner' in 0.0039 seconds. Added 1 classes and 2 folders.
[2017.05.30-09.12.12:491][  0]LogLoad: (Engine Initialization) Total time: 30.66 seconds
[2017.05.30-09.12.12:491][  0]LogLoad: (Engine Initialization) Total Blueprint compile time: 0.20 seconds
[2017.05.30-09.12.12:491][  0]LogExternalProfiler: Found external profiler: VSPerf
[2017.05.30-09.12.12:491][  0]LogExternalProfiler: Using external profiler: VSPerf
[2017.05.30-09.12.12:500][  0]LogOcInput: OculusInput pre-init called
[2017.05.30-09.12.12:501][  0]LogOcInput: Can't find Oculus library dev build: is proper Runtime installed? Version: 1.10.0
[2017.05.30-09.12.12:534][  0]LogDirectoryWatcher: A directory notification failed for 'M:/Git/King-of-the-Castle/King_of_the_Castle/Content/' because it was empty or there was a buffer overflow. Attemping another request...
[2017.05.30-09.12.12:535][  0]LogDirectoryWatcher: A directory notification failed for 'M:/Git/King-of-the-Castle/King_of_the_Castle/Content/', and we were unable to create a new request.
[2017.05.30-09.12.12:535][  0]LogDirectoryWatcher: A directory notification failed for 'M:/Git/King-of-the-Castle/King_of_the_Castle/Binaries/Win64' because it was empty or there was a buffer overflow. Attemping another request...
[2017.05.30-09.12.12:535][  0]LogDirectoryWatcher: A directory notification failed for 'M:/Git/King-of-the-Castle/King_of_the_Castle/Saved/Collections/' because it was empty or there was a buffer overflow. Attemping another request...
[2017.05.30-09.12.12:535][  0]LogDirectoryWatcher: A directory notification failed for 'M:/Git/King-of-the-Castle/King_of_the_Castle/Content/Developers/1204915/Collections/' because it was empty or there was a buffer overflow. Attemping another request...
[2017.05.30-09.12.12:535][  0]LogDirectoryWatcher: A directory notification failed for 'M:/Git/King-of-the-Castle/King_of_the_Castle/Content/Collections/' because it was empty or there was a buffer overflow. Attemping another request...
[2017.05.30-09.12.12:575][  0]LogContentStreaming: Texture pool size now 1000 MB
[2017.05.30-09.12.12:577][  0]LogSlate: Took 0.000492 seconds to synchronously load lazily loaded font '../../../Engine/Content/Slate/Fonts/Roboto-Regular.ttf' (155K)
[2017.05.30-09.12.12:581][  0]LogSlate: Took 0.000410 seconds to synchronously load lazily loaded font '../../../Engine/Content/Slate/Fonts/Roboto-Bold.ttf' (160K)
[2017.05.30-09.12.12:615][  0]LogSlate: Took 0.014608 seconds to synchronously load lazily loaded font '../../../Engine/Content/Editor/Slate/Fonts/FontAwesome.ttf' (139K)
[2017.05.30-09.12.13:056][  0]LogRenderer: Reallocating scene render targets to support 1208x652 NumSamples 1 (Frame:2).
[2017.05.30-09.12.13:056][  0]LogSlate: Took 0.000429 seconds to synchronously load lazily loaded font '../../../Engine/Content/Slate/Fonts/Roboto-Light.ttf' (159K)
[2017.05.30-09.12.14:181][  1]LogAssetRegistry: Asset discovery search completed in 22.4958 seconds
[2017.05.30-09.12.14:181][  1]LogCollectionManager: Rebuilt the object cache for 0 collections in 0.000004 seconds (found 0 objects)
[2017.05.30-09.12.14:181][  1]LogCollectionManager: Fixed up redirectors for 0 collections in 0.000021 seconds (updated 0 objects)
[2017.05.30-09.12.14:181][  1]LogDirectoryWatcher: A directory notification failed for 'M:/Git/King-of-the-Castle/King_of_the_Castle/Binaries/Win64' because it was empty or there was a buffer overflow. Attemping another request...
[2017.05.30-09.12.14:182][  1]LogDirectoryWatcher: A directory notification failed for 'M:/Git/King-of-the-Castle/King_of_the_Castle/Binaries/Win64', and we were unable to create a new request.
[2017.05.30-09.12.14:182][  1]LogDirectoryWatcher: A directory notification failed for 'M:/Git/King-of-the-Castle/King_of_the_Castle/Saved/Collections/' because it was empty or there was a buffer overflow. Attemping another request...
[2017.05.30-09.12.14:183][  1]LogDirectoryWatcher: A directory notification failed for 'M:/Git/King-of-the-Castle/King_of_the_Castle/Saved/Collections/', and we were unable to create a new request.
[2017.05.30-09.12.14:183][  1]LogDirectoryWatcher: A directory notification failed for 'M:/Git/King-of-the-Castle/King_of_the_Castle/Content/Developers/1204915/Collections/' because it was empty or there was a buffer overflow. Attemping another request...
[2017.05.30-09.12.14:183][  1]LogDirectoryWatcher: A directory notification failed for 'M:/Git/King-of-the-Castle/King_of_the_Castle/Content/Developers/1204915/Collections/', and we were unable to create a new request.
[2017.05.30-09.12.14:183][  1]LogDirectoryWatcher: A directory notification failed for 'M:/Git/King-of-the-Castle/King_of_the_Castle/Content/Collections/' because it was empty or there was a buffer overflow. Attemping another request...
[2017.05.30-09.12.14:184][  1]LogDirectoryWatcher: A directory notification failed for 'M:/Git/King-of-the-Castle/King_of_the_Castle/Content/Collections/', and we were unable to create a new request.
[2017.05.30-09.12.39:465][762]Cmd: QUIT_EDITOR
[2017.05.30-09.12.39:552][762]LogExit: Preparing to exit.
[2017.05.30-09.12.40:566][762]LogExit: Editor shut down
[2017.05.30-09.12.40:566][762]LogExit: Transaction tracking system shut down
[2017.05.30-09.12.40:623][762]LogObj: Freed 0b from 0 cluster array pools.
[2017.05.30-09.12.40:623][762]LogExit: Object subsystem successfully closed.
[2017.05.30-09.12.40:632][762]LogD3D11RHI: Shutdown
[2017.05.30-09.12.40:632][762]LogD3D11RHI: CleanupD3DDevice
[2017.05.30-09.12.40:669][762]LogD3D11RHI: ~FD3D11DynamicRHI
[2017.05.30-09.12.40:692][762]LogModuleManager: Shutting down and abandoning module HierarchicalLODOutliner (500)
[2017.05.30-09.12.40:692][762]LogModuleManager: Shutting down and abandoning module CrashTracker (498)
[2017.05.30-09.12.40:692][762]LogModuleManager: Shutting down and abandoning module SceneOutliner (496)
[2017.05.30-09.12.40:692][762]LogModuleManager: Shutting down and abandoning module AddContentDialog (494)
[2017.05.30-09.12.40:692][762]LogDirectoryWatcher: A directory notification for 'C:/Program Files/Epic Games/UE_4.15/FeaturePacks/' was aborted.
[2017.05.30-09.12.40:693][762]LogModuleManager: Shutting down and abandoning module WidgetCarousel (493)
[2017.05.30-09.12.40:693][762]LogModuleManager: Shutting down and abandoning module EditorWidgets (490)
[2017.05.30-09.12.40:693][762]LogModuleManager: Shutting down and abandoning module CollectionManager (488)
[2017.05.30-09.12.40:693][762]LogModuleManager: Shutting down and abandoning module StatsViewer (486)
[2017.05.30-09.12.40:693][762]LogModuleManager: Shutting down and abandoning module FoliageEdit (484)
[2017.05.30-09.12.40:693][762]LogModuleManager: Shutting down and abandoning module LandscapeEditor (482)
[2017.05.30-09.12.40:693][762]LogModuleManager: Shutting down and abandoning module SceneDepthPickerMode (480)
[2017.05.30-09.12.40:693][762]LogModuleManager: Shutting down and abandoning module ActorPickerMode (478)
[2017.05.30-09.12.40:693][762]LogModuleManager: Shutting down and abandoning module GeometryMode (476)
[2017.05.30-09.12.40:693][762]LogModuleManager: Shutting down and abandoning module TextureAlignMode (474)
[2017.05.30-09.12.40:693][762]LogModuleManager: Shutting down and abandoning module BspMode (472)
[2017.05.30-09.12.40:693][762]LogModuleManager: Shutting down and abandoning module HardwareSurvey (470)
[2017.05.30-09.12.40:693][762]LogModuleManager: Shutting down and abandoning module SequenceRecorderSections (468)
[2017.05.30-09.12.40:693][762]LogModuleManager: Shutting down and abandoning module AutomationWorker (466)
[2017.05.30-09.12.40:693][762]LogModuleManager: Shutting down and abandoning module MatineeToLevelSequence (464)
[2017.05.30-09.12.40:693][762]LogModuleManager: Shutting down and abandoning module LevelSequenceEditor (462)
[2017.05.30-09.12.40:693][762]LogModuleManager: Shutting down and abandoning module PlacementMode (461)
[2017.05.30-09.12.40:693][762]LogModuleManager: Shutting down and abandoning module WmfMediaFactory (458)
[2017.05.30-09.12.40:693][762]LogModuleManager: Shutting down and abandoning module WmfMediaEditor (456)
[2017.05.30-09.12.40:693][762]LogModuleManager: Shutting down and abandoning module MfMediaFactory (454)
[2017.05.30-09.12.40:693][762]LogModuleManager: Shutting down and abandoning module MfMediaEditor (452)
[2017.05.30-09.12.40:693][762]LogModuleManager: Shutting down and abandoning module AvfMediaFactory (450)
[2017.05.30-09.12.40:694][762]LogModuleManager: Shutting down and abandoning module AvfMediaEditor (448)
[2017.05.30-09.12.40:694][762]LogModuleManager: Shutting down and abandoning module AndroidMediaFactory (446)
[2017.05.30-09.12.40:694][762]LogModuleManager: Shutting down and abandoning module Media (445)
[2017.05.30-09.12.40:694][762]LogModuleManager: Shutting down and abandoning module AndroidMediaEditor (442)
[2017.05.30-09.12.40:694][762]LogModuleManager: Shutting down and abandoning module CharacterAI (440)
[2017.05.30-09.12.40:694][762]LogModuleManager: Shutting down and abandoning module AudioCapture (438)
[2017.05.30-09.12.40:694][762]LogModuleManager: Shutting down and abandoning module SequenceRecorder (437)
[2017.05.30-09.12.40:694][762]LogModuleManager: Shutting down and abandoning module SmartSnapping (434)
[2017.05.30-09.12.40:694][762]LogModuleManager: Shutting down and abandoning module SessionServices (432)
[2017.05.30-09.12.40:694][762]LogModuleManager: Shutting down and abandoning module ViewportSnapping (430)
[2017.05.30-09.12.40:694][762]LogModuleManager: Shutting down and abandoning module ViewportInteraction (428)
[2017.05.30-09.12.40:694][762]LogModuleManager: Shutting down and abandoning module LogVisualizer (426)
[2017.05.30-09.12.40:694][762]LogModuleManager: Shutting down and abandoning module IntroTutorials (424)
[2017.05.30-09.12.40:694][762]LogModuleManager: Shutting down and abandoning module GameProjectGeneration (423)
[2017.05.30-09.12.40:694][762]LogModuleManager: Shutting down and abandoning module EditorLiveStreaming (420)
[2017.05.30-09.12.40:694][762]LogModuleManager: Shutting down and abandoning module IOSPlatformEditor (418)
[2017.05.30-09.12.40:694][762]LogModuleManager: Shutting down and abandoning module HTML5PlatformEditor (416)
[2017.05.30-09.12.40:694][762]LogModuleManager: Shutting down and abandoning module AndroidPlatformEditor (414)
[2017.05.30-09.12.40:694][762]LogModuleManager: Shutting down and abandoning module AndroidDeviceDetection (413)
[2017.05.30-09.12.41:051][762]LogModuleManager: Shutting down and abandoning module IOSRuntimeSettings (410)
[2017.05.30-09.12.41:051][762]LogModuleManager: Shutting down and abandoning module AndroidRuntimeSettings (408)
[2017.05.30-09.12.41:051][762]LogModuleManager: Shutting down and abandoning module InputBindingEditor (406)
[2017.05.30-09.12.41:051][762]LogModuleManager: Shutting down and abandoning module NiagaraEditor (404)
[2017.05.30-09.12.41:051][762]LogModuleManager: Shutting down and abandoning module MergeActors (402)
[2017.05.30-09.12.41:051][762]LogModuleManager: Shutting down and abandoning module SizeMap (400)
[2017.05.30-09.12.41:051][762]LogModuleManager: Shutting down and abandoning module TreeMap (398)
[2017.05.30-09.12.41:051][762]LogModuleManager: Shutting down and abandoning module ReferenceViewer (396)
[2017.05.30-09.12.41:051][762]LogModuleManager: Shutting down and abandoning module LocalizationDashboard (394)
[2017.05.30-09.12.41:051][762]LogModuleManager: Shutting down and abandoning module LocalizationService (393)
[2017.05.30-09.12.41:051][762]LogModuleManager: Shutting down and abandoning module HardwareTargeting (390)
[2017.05.30-09.12.41:051][762]LogModuleManager: Shutting down and abandoning module DeviceProfileEditor (388)
[2017.05.30-09.12.41:051][762]LogModuleManager: Shutting down and abandoning module UndoHistory (386)
[2017.05.30-09.12.41:051][762]LogModuleManager: Shutting down and abandoning module UserFeedback (384)
[2017.05.30-09.12.41:051][762]LogModuleManager: Shutting down and abandoning module XmlParser (382)
[2017.05.30-09.12.41:051][762]LogModuleManager: Shutting down and abandoning module Blutility (380)
[2017.05.30-09.12.41:051][762]LogModuleManager: Shutting down and abandoning module ProjectSettingsViewer (378)
[2017.05.30-09.12.41:051][762]LogModuleManager: Shutting down and abandoning module ProjectTargetPlatformEditor (377)
[2017.05.30-09.12.41:052][762]LogModuleManager: Shutting down and abandoning module EditorSettingsViewer (374)
[2017.05.30-09.12.41:052][762]LogModuleManager: Shutting down and abandoning module SettingsEditor (372)
[2017.05.30-09.12.41:052][762]LogModuleManager: Shutting down and abandoning module ProjectLauncher (370)
[2017.05.30-09.12.41:052][762]LogModuleManager: Shutting down and abandoning module SessionFrontend (368)
[2017.05.30-09.12.41:052][762]LogModuleManager: Shutting down and abandoning module ProfilerClient (366)
[2017.05.30-09.12.41:052][762]LogModuleManager: Shutting down and abandoning module DeviceManager (364)
[2017.05.30-09.12.41:052][762]LogModuleManager: Shutting down and abandoning module TargetDeviceServices (363)
[2017.05.30-09.12.41:102][762]LogModuleManager: Shutting down and abandoning module AutomationController (360)
[2017.05.30-09.12.41:102][762]LogModuleManager: Shutting down and abandoning module AutomationWindow (358)
[2017.05.30-09.12.41:102][762]LogModuleManager: Shutting down and abandoning module Layers (356)
[2017.05.30-09.12.41:102][762]LogModuleManager: Shutting down and abandoning module ComponentVisualizers (354)
[2017.05.30-09.12.41:102][762]LogModuleManager: Shutting down and abandoning module DetailCustomizations (352)
[2017.05.30-09.12.41:102][762]LogModuleManager: Shutting down and abandoning module PackagesDialog (350)
[2017.05.30-09.12.41:102][762]LogModuleManager: Shutting down and abandoning module Persona (348)
[2017.05.30-09.12.41:102][762]LogModuleManager: Shutting down and abandoning module AnimGraph (347)
[2017.05.30-09.12.41:102][762]LogModuleManager: Shutting down and abandoning module Kismet (344)
[2017.05.30-09.12.41:102][762]LogModuleManager: Shutting down and abandoning module GraphEditor (342)
[2017.05.30-09.12.41:102][762]LogModuleManager: Shutting down and abandoning module ClassViewer (340)
[2017.05.30-09.12.41:102][762]LogModuleManager: Shutting down and abandoning module Toolbox (338)
[2017.05.30-09.12.41:102][762]LogModuleManager: Shutting down and abandoning module ModuleUI (336)
[2017.05.30-09.12.41:102][762]LogModuleManager: Shutting down and abandoning module MovieSceneTools (334)
[2017.05.30-09.12.41:102][762]LogModuleManager: Shutting down and abandoning module OutputLog (332)
[2017.05.30-09.12.41:102][762]LogModuleManager: Shutting down and abandoning module GammaUI (330)
[2017.05.30-09.12.41:102][762]LogModuleManager: Shutting down and abandoning module Documentation (328)
[2017.05.30-09.12.41:102][762]LogModuleManager: Shutting down and abandoning module Niagara (326)
[2017.05.30-09.12.41:102][762]LogModuleManager: Shutting down and abandoning module StreamingPauseRendering (324)
[2017.05.30-09.12.41:102][762]LogModuleManager: Shutting down and abandoning module AnalyticsET (322)
[2017.05.30-09.12.41:102][762]LogModuleManager: Shutting down and abandoning module PortalServices (320)
[2017.05.30-09.12.41:102][762]LogModuleManager: Shutting down and abandoning module PortalRpc (318)
[2017.05.30-09.12.41:102][762]LogModuleManager: Shutting down and abandoning module MessagingRpc (316)
[2017.05.30-09.12.41:102][762]LogModuleManager: Shutting down and abandoning module AIModule (314)
[2017.05.30-09.12.41:103][762]LogModuleManager: Shutting down and abandoning module GameplayDebugger (313)
[2017.05.30-09.12.41:103][762]LogModuleManager: Shutting down and abandoning module AITestSuite (311)
[2017.05.30-09.12.41:103][762]LogModuleManager: Shutting down and abandoning module ProfilerService (308)
[2017.05.30-09.12.41:305][762]LogModuleManager: Shutting down and abandoning module TaskGraph (306)
[2017.05.30-09.12.41:305][762]LogModuleManager: Shutting down and abandoning module SteamVRController (304)
[2017.05.30-09.12.41:305][762]LogModuleManager: Shutting down and abandoning module SteamVR (302)
[2017.05.30-09.12.41:305][762]LogModuleManager: Shutting down and abandoning module ProceduralMeshComponentEditor (300)
[2017.05.30-09.12.41:305][762]LogModuleManager: Shutting down and abandoning module ProceduralMeshComponent (298)
[2017.05.30-09.12.41:305][762]LogModuleManager: Shutting down and abandoning module OculusLibrary (296)
[2017.05.30-09.12.41:305][762]LogModuleManager: Shutting down and abandoning module OculusInput (294)
[2017.05.30-09.12.41:305][762]LogModuleManager: Shutting down and abandoning module MobilePatchingUtils (292)
[2017.05.30-09.12.41:305][762]LogModuleManager: Shutting down and abandoning module CustomMeshComponent (290)
[2017.05.30-09.12.41:305][762]LogModuleManager: Shutting down and abandoning module CableComponent (288)
[2017.05.30-09.12.41:305][762]LogModuleManager: Shutting down and abandoning module ArchVisCharacter (286)
[2017.05.30-09.12.41:305][762]LogModuleManager: Shutting down and abandoning module MediaPlayerEditor (282)
[2017.05.30-09.12.41:305][762]LogModuleManager: Shutting down and abandoning module HTML5Networking (280)
[2017.05.30-09.12.41:305][762]LogModuleManager: Shutting down and abandoning module AlembicImporter (278)
[2017.05.30-09.12.41:305][762]LogModuleManager: Shutting down and abandoning module AlembicLibrary (277)
[2017.05.30-09.12.41:305][762]LogModuleManager: Shutting down and abandoning module GeometryCache (276)
[2017.05.30-09.12.41:305][762]LogModuleManager: Shutting down and abandoning module GeometryCacheEd (275)
[2017.05.30-09.12.41:305][762]LogModuleManager: Shutting down and abandoning module SuperSearchEditor (270)
[2017.05.30-09.12.41:305][762]LogModuleManager: Shutting down and abandoning module SuperSearch (269)
[2017.05.30-09.12.41:305][762]LogModuleManager: Shutting down and abandoning module SpeedTreeImporter (266)
[2017.05.30-09.12.41:305][762]LogModuleManager: Shutting down and abandoning module PluginBrowser (264)
[2017.05.30-09.12.41:305][762]LogModuleManager: Shutting down and abandoning module MobileLauncherProfileWizard (262)
[2017.05.30-09.12.41:305][762]LogModuleManager: Shutting down and abandoning module EpicSurvey (260)
[2017.05.30-09.12.41:305][762]LogModuleManager: Shutting down and abandoning module VisualStudioSourceCodeAccess (258)
[2017.05.30-09.12.41:305][762]LogModuleManager: Shutting down and abandoning module DesktopPlatform (257)
[2017.05.30-09.12.41:305][762]LogModuleManager: Shutting down and abandoning module UObjectPlugin (254)
[2017.05.30-09.12.41:305][762]LogModuleManager: Shutting down and abandoning module SubversionSourceControl (252)
[2017.05.30-09.12.41:305][762]LogModuleManager: Shutting down and abandoning module PerforceSourceControl (250)
[2017.05.30-09.12.41:305][762]LogModuleManager: Shutting down and abandoning module GitSourceControl (248)
[2017.05.30-09.12.41:305][762]LogModuleManager: Shutting down and abandoning module SourceControl (247)
[2017.05.30-09.12.41:305][762]LogModuleManager: Shutting down and abandoning module LightPropagationVolumeEditor (244)
[2017.05.30-09.12.41:306][762]LogModuleManager: Shutting down and abandoning module PaperTiledImporter (242)
[2017.05.30-09.12.41:306][762]LogModuleManager: Shutting down and abandoning module PaperSpriteSheetImporter (240)
[2017.05.30-09.12.41:306][762]LogModuleManager: Shutting down and abandoning module Paper2DEditor (238)
[2017.05.30-09.12.41:306][762]LogModuleManager: Shutting down and abandoning module MeshPaint (237)
[2017.05.30-09.12.41:306][762]LogModuleManager: Shutting down and abandoning module LevelEditor (235)
[2017.05.30-09.12.41:306][762]LogModuleManager: Shutting down and abandoning module PixelInspectorModule (234)
[2017.05.30-09.12.41:307][762]LogModuleManager: Shutting down and abandoning module MainFrame (232)
[2017.05.30-09.12.41:307][762]LogModuleManager: Shutting down and abandoning module HotReload (231)
[2017.05.30-09.12.41:307][762]LogModuleManager: Shutting down and abandoning module ContentBrowser (227)
[2017.05.30-09.12.41:308][762]LogModuleManager: Shutting down and abandoning module King_of_the_Castle (224)
[2017.05.30-09.12.41:308][762]LogModuleManager: Shutting down and abandoning module PhysXVehiclesEditor (222)
[2017.05.30-09.12.41:308][762]LogModuleManager: Shutting down and abandoning module PhysXVehicles (220)
[2017.05.30-09.12.41:308][762]LogModuleManager: Shutting down and abandoning module LocationServicesBPLibrary (218)
[2017.05.30-09.12.41:308][762]LogModuleManager: Shutting down and abandoning module UdpMessaging (216)
[2017.05.30-09.12.41:408][762]LogModuleManager: Shutting down and abandoning module TcpMessaging (214)
[2017.05.30-09.12.41:508][762]LogModuleManager: Shutting down and abandoning module GameplayTagsEditor (212)
[2017.05.30-09.12.41:508][762]LogModuleManager: Shutting down and abandoning module FacialAnimationEditor (210)
[2017.05.30-09.12.41:508][762]LogModuleManager: Shutting down and abandoning module FacialAnimation (208)
[2017.05.30-09.12.41:508][762]LogModuleManager: Shutting down and abandoning module LightPropagationVolumeRuntime (206)
[2017.05.30-09.12.41:508][762]LogModuleManager: Shutting down and abandoning module Paper2D (204)
[2017.05.30-09.12.41:508][762]LogModuleManager: Shutting down and abandoning module WindowsMoviePlayer (202)
[2017.05.30-09.12.41:508][762]LogModuleManager: Shutting down and abandoning module WmfMedia (200)
[2017.05.30-09.12.41:508][762]LogModuleManager: Shutting down and abandoning module MfMedia (198)
[2017.05.30-09.12.41:508][762]LogModuleManager: Shutting down and abandoning module MediaAssets (196)
[2017.05.30-09.12.41:508][762]LogModuleManager: Shutting down and abandoning module GameLiveStreaming (194)
[2017.05.30-09.12.41:508][762]LogModuleManager: Shutting down and abandoning module VREditor (192)
[2017.05.30-09.12.41:508][762]LogModuleManager: Shutting down and abandoning module GameplayTasksEditor (190)
[2017.05.30-09.12.41:508][762]LogModuleManager: Shutting down and abandoning module BehaviorTreeEditor (188)
[2017.05.30-09.12.41:508][762]LogModuleManager: Shutting down and abandoning module FunctionalTesting (186)
[2017.05.30-09.12.41:508][762]LogModuleManager: Shutting down and abandoning module CollisionAnalyzer (184)
[2017.05.30-09.12.41:508][762]LogModuleManager: Shutting down and abandoning module UMG (182)
[2017.05.30-09.12.41:509][762]LogModuleManager: Shutting down and abandoning module UMGEditor (181)
[2017.05.30-09.12.41:509][762]LogModuleManager: Shutting down and abandoning module Sequencer (180)
[2017.05.30-09.12.41:509][762]LogModuleManager: Shutting down and abandoning module AssetTools (178)
[2017.05.30-09.12.41:509][762]LogModuleManager: Shutting down and abandoning module MessageLog (177)
[2017.05.30-09.12.41:509][762]LogModuleManager: Shutting down and abandoning module WorkspaceMenuStructure (176)
[2017.05.30-09.12.41:509][762]LogModuleManager: Shutting down and abandoning module SlateReflector (170)
[2017.05.30-09.12.41:509][762]LogModuleManager: Shutting down and abandoning module Slate (168)
[2017.05.30-09.12.41:509][762]LogModuleManager: Shutting down and abandoning module EditorStyle (166)
[2017.05.30-09.12.41:512][762]LogModuleManager: Shutting down and abandoning module SourceCodeAccess (164)
[2017.05.30-09.12.41:512][762]LogModuleManager: Shutting down and abandoning module HeadMountedDisplay (162)
[2017.05.30-09.12.41:512][762]LogModuleManager: Shutting down and abandoning module XAudio2 (160)
[2017.05.30-09.12.41:512][762]LogModuleManager: Shutting down and abandoning module Networking (158)
[2017.05.30-09.12.41:512][762]LogModuleManager: Shutting down and abandoning module Core (154)
[2017.05.30-09.12.41:512][762]LogModuleManager: Shutting down and abandoning module AssetRegistry (152)
[2017.05.30-09.12.41:900][762]LogDirectoryWatcher: A directory notification for '../../../Engine/Content/' was aborted.
[2017.05.30-09.12.41:900][762]LogDirectoryWatcher: A directory notification for '../../../Engine/Plugins/2D/Paper2D/Content/' was aborted.
[2017.05.30-09.12.41:900][762]LogModuleManager: Shutting down and abandoning module DirectoryWatcher (151)
[2017.05.30-09.12.41:900][762]LogModuleManager: Shutting down and abandoning module KismetCompiler (148)
[2017.05.30-09.12.41:900][762]LogModuleManager: Shutting down and abandoning module PhysXFormats (146)
[2017.05.30-09.12.41:900][762]LogModuleManager: Shutting down and abandoning module MeshUtilities (144)
[2017.05.30-09.12.41:900][762]LogModuleManager: Shutting down and abandoning module SimplygonSwarm (143)
[2017.05.30-09.12.41:900][762]LogModuleManager: Shutting down and abandoning module SimplygonMeshReduction (141)
[2017.05.30-09.12.41:900][762]LogModuleManager: Shutting down and abandoning module QuadricMeshReduction (139)
[2017.05.30-09.12.41:900][762]LogModuleManager: Shutting down and abandoning module PropertyEditor (137)
[2017.05.30-09.12.41:900][762]LogModuleManager: Shutting down and abandoning module DerivedDataCache (134)
[2017.05.30-09.12.42:218][762]LogDerivedDataCache: Shutdown
[2017.05.30-09.12.42:218][762]LogModuleManager: Shutting down and abandoning module TargetPlatform (132)
[2017.05.30-09.12.42:218][762]LogModuleManager: Shutting down and abandoning module VulkanShaderFormat (131)
[2017.05.30-09.12.42:218][762]LogModuleManager: Shutting down and abandoning module ShaderFormatOpenGL (129)
[2017.05.30-09.12.42:218][762]LogModuleManager: Shutting down and abandoning module ShaderFormatD3D (127)
[2017.05.30-09.12.42:218][762]LogModuleManager: Shutting down and abandoning module MetalShaderFormat (125)
[2017.05.30-09.12.42:218][762]LogModuleManager: Shutting down and abandoning module TextureFormatUncompressed (123)
[2017.05.30-09.12.42:219][762]LogModuleManager: Shutting down and abandoning module TextureFormatPVR (121)
[2017.05.30-09.12.42:219][762]LogModuleManager: Shutting down and abandoning module TextureFormatDXT (119)
[2017.05.30-09.12.42:219][762]LogModuleManager: Shutting down and abandoning module TextureFormatIntelISPCTexComp (117)
[2017.05.30-09.12.42:219][762]LogModuleManager: Shutting down and abandoning module TextureFormatASTC (115)
[2017.05.30-09.12.42:219][762]LogModuleManager: Shutting down and abandoning module ImageWrapper (114)
[2017.05.30-09.12.42:219][762]LogModuleManager: Shutting down and abandoning module TextureFormatAndroid (111)
[2017.05.30-09.12.42:219][762]LogModuleManager: Shutting down and abandoning module AudioFormatOpus (109)
[2017.05.30-09.12.42:219][762]LogModuleManager: Shutting down and abandoning module AudioFormatOgg (107)
[2017.05.30-09.12.42:219][762]LogModuleManager: Shutting down and abandoning module AudioFormatADPCM (105)
[2017.05.30-09.12.42:219][762]LogModuleManager: Shutting down and abandoning module LinuxTargetPlatform (103)
[2017.05.30-09.12.42:219][762]LogModuleManager: Shutting down and abandoning module LinuxServerTargetPlatform (101)
[2017.05.30-09.12.42:219][762]LogModuleManager: Shutting down and abandoning module LinuxNoEditorTargetPlatform (99)
[2017.05.30-09.12.42:219][762]LogModuleManager: Shutting down and abandoning module LinuxClientTargetPlatform (97)
[2017.05.30-09.12.42:219][762]LogModuleManager: Shutting down and abandoning module TVOSTargetPlatform (95)
[2017.05.30-09.12.42:219][762]LogModuleManager: Shutting down and abandoning module Messaging (93)
[2017.05.30-09.12.42:219][762]LogModuleManager: Shutting down and abandoning module IOSTargetPlatform (91)
[2017.05.30-09.12.42:219][762]LogModuleManager: Shutting down and abandoning module HTML5TargetPlatform (89)
[2017.05.30-09.12.42:219][762]LogModuleManager: Shutting down and abandoning module Android_PVRTCTargetPlatform (87)
[2017.05.30-09.12.42:219][762]LogModuleManager: Shutting down and abandoning module Android_MultiTargetPlatform (85)
[2017.05.30-09.12.42:219][762]LogModuleManager: Shutting down and abandoning module Android_ETC2TargetPlatform (83)
[2017.05.30-09.12.42:219][762]LogModuleManager: Shutting down and abandoning module Android_ETC1TargetPlatform (81)
[2017.05.30-09.12.42:219][762]LogModuleManager: Shutting down and abandoning module Android_DXTTargetPlatform (79)
[2017.05.30-09.12.42:219][762]LogModuleManager: Shutting down and abandoning module Android_ATCTargetPlatform (77)
[2017.05.30-09.12.42:219][762]LogModuleManager: Shutting down and abandoning module Android_ASTCTargetPlatform (75)
[2017.05.30-09.12.42:219][762]LogModuleManager: Shutting down and abandoning module AndroidTargetPlatform (73)
[2017.05.30-09.12.42:219][762]LogModuleManager: Shutting down and abandoning module WindowsTargetPlatform (71)
[2017.05.30-09.12.42:219][762]LogModuleManager: Shutting down and abandoning module WindowsServerTargetPlatform (69)
[2017.05.30-09.12.42:219][762]LogModuleManager: Shutting down and abandoning module WindowsNoEditorTargetPlatform (67)
[2017.05.30-09.12.42:219][762]LogModuleManager: Shutting down and abandoning module WindowsClientTargetPlatform (65)
[2017.05.30-09.12.42:219][762]LogModuleManager: Shutting down and abandoning module MacTargetPlatform (63)
[2017.05.30-09.12.42:219][762]LogModuleManager: Shutting down and abandoning module MacServerTargetPlatform (61)
[2017.05.30-09.12.42:219][762]LogModuleManager: Shutting down and abandoning module MacNoEditorTargetPlatform (59)
[2017.05.30-09.12.42:219][762]LogModuleManager: Shutting down and abandoning module MacClientTargetPlatform (57)
[2017.05.30-09.12.42:219][762]LogModuleManager: Shutting down and abandoning module AllDesktopTargetPlatform (55)
[2017.05.30-09.12.42:219][762]LogModuleManager: Shutting down and abandoning module InputCore (52)
[2017.05.30-09.12.42:219][762]LogModuleManager: Shutting down and abandoning module Settings (50)
[2017.05.30-09.12.42:219][762]LogModuleManager: Shutting down and abandoning module OculusRift (48)
[2017.05.30-09.12.42:219][762]LogModuleManager: Shutting down and abandoning module GearVR (46)
[2017.05.30-09.12.42:219][762]LogModuleManager: Shutting down and abandoning module ExampleDeviceProfileSelector (44)
[2017.05.30-09.12.42:219][762]LogModuleManager: Shutting down and abandoning module OnlineBlueprintSupport (42)
[2017.05.30-09.12.42:219][762]LogModuleManager: Shutting down and abandoning module OnlineSubsystem (38)
[2017.05.30-09.12.42:220][762]LogOnline:Display: Unloading online subsystem: NULL
[2017.05.30-09.12.42:220][762]LogModuleManager: Shutting down and abandoning module XMPP (37)
[2017.05.30-09.12.42:220][762]LogModuleManager: Shutting down and abandoning module HTTP (35)
[2017.05.30-09.12.42:220][762]LogHttp:Display: Http module shutting down, but needs to wait on 1 outstanding Http requests:
[2017.05.30-09.12.42:220][762]LogHttp:Display: 	verb=[POST] url=[https://datarouter.ol.epicgames.com/datarouter/api/v1/public/data?SessionID=%7B6F045D33-46F7-AF4C-4A66-868BDD8B4A98%7D&AppID=UEEditor.Rocket.Release&AppVersion=4.15.3-3450819%2B%2B%2BUE4%2BRelease-4.15&UserID=41b7880c484dde1b9b00a5a7a3955819%7Ca28ed7bb891b4c69ab08de861efb198c%7C85eb8cc2-cebc-4f8d-8259-788a80d4f1a0&AppEnvironment=datacollector-binary&UploadType=eteventstream] status=Processing
[2017.05.30-09.12.42:246][762]LogModuleManager: Shutting down and abandoning module SSL (34)
[2017.05.30-09.12.42:249][762]LogModuleManager: Shutting down and abandoning module AudioEditor (30)
[2017.05.30-09.12.42:249][762]LogModuleManager: Shutting down and abandoning module TextureCompressor (28)
[2017.05.30-09.12.42:249][762]LogModuleManager: Shutting down and abandoning module ShaderCore (26)
[2017.05.30-09.12.42:249][762]LogModuleManager: Shutting down and abandoning module Landscape (24)
[2017.05.30-09.12.42:249][762]LogModuleManager: Shutting down and abandoning module SlateRHIRenderer (22)
[2017.05.30-09.12.42:250][762]LogModuleManager: Shutting down and abandoning module OpenGLDrv (20)
[2017.05.30-09.12.42:250][762]LogModuleManager: Shutting down and abandoning module D3D11RHI (18)
[2017.05.30-09.12.42:250][762]LogModuleManager: Shutting down and abandoning module AnimGraphRuntime (16)
[2017.05.30-09.12.42:250][762]LogModuleManager: Shutting down and abandoning module Renderer (14)
[2017.05.30-09.12.42:250][762]LogModuleManager: Shutting down and abandoning module Engine (12)
[2017.05.30-09.12.42:250][762]LogModuleManager: Shutting down and abandoning module CoreUObject (10)
[2017.05.30-09.12.42:250][762]LogModuleManager: Shutting down and abandoning module NetworkFile (8)
[2017.05.30-09.12.42:250][762]LogModuleManager: Shutting down and abandoning module StreamingFile (6)
[2017.05.30-09.12.42:250][762]LogModuleManager: Shutting down and abandoning module SandboxFile (4)
[2017.05.30-09.12.42:250][762]LogModuleManager: Shutting down and abandoning module PakFile (2)
[2017.05.30-09.12.42:251][762]LogExit: Exiting.
[2017.05.30-09.12.42:264][762]Log file closed, 05/30/17 10:12:42
